[2022-10-24 15:23:45.187] [exthost] [info] Extension host with pid 218 started
[2022-10-24 15:23:45.209] [exthost] [info] Lock '/home/zerok/.vscode-server/data/User/workspaceStorage/3c72db23a2342e308992e5e3b221ee0e/vscode.lock': Lock acquired.
[2022-10-24 15:23:45.306] [exthost] [info] ExtensionService#_doActivateExtension vscode.debug-auto-launch, startup: true, activationEvent: '*'
[2022-10-24 15:23:45.307] [exthost] [info] ExtensionService#_doActivateExtension vscode.git-base, startup: true, activationEvent: '*', root cause: vscode.git
[2022-10-24 15:23:45.307] [exthost] [info] ExtensionService#_doActivateExtension vscode.ipynb, startup: true, activationEvent: '*'
[2022-10-24 15:23:45.307] [exthost] [info] ExtensionService#_doActivateExtension christian-kohler.path-intellisense, startup: true, activationEvent: '*'
[2022-10-24 15:23:45.307] [exthost] [info] ExtensionService#_doActivateExtension naumovs.color-highlight, startup: true, activationEvent: '*'
[2022-10-24 15:23:45.403] [exthost] [info] ExtensionService#_doActivateExtension vscode.git, startup: true, activationEvent: '*'
[2022-10-24 15:23:45.403] [exthost] [info] ExtensionService#_doActivateExtension vscode.github, startup: true, activationEvent: '*'
[2022-10-24 15:23:45.621] [exthost] [info] ExtensionService#_doActivateExtension vscode.emmet, startup: false, activationEvent: 'onStartupFinished'
[2022-10-24 15:23:45.622] [exthost] [info] ExtensionService#_doActivateExtension vscode.merge-conflict, startup: false, activationEvent: 'onStartupFinished'
[2022-10-24 15:23:45.622] [exthost] [info] ExtensionService#_doActivateExtension vscode.npm, startup: false, activationEvent: 'onStartupFinished', root cause: esbenp.prettier-vscode
[2022-10-24 15:23:45.622] [exthost] [info] Eager extensions activated
[2022-10-24 15:23:46.143] [exthost] [info] ExtensionService#_doActivateExtension esbenp.prettier-vscode, startup: false, activationEvent: 'onStartupFinished'
[2022-10-24 15:23:46.468] [exthost] [warning] [Decorations] CAPPING events from decorations provider vscode.git 8165
[2022-10-24 15:23:47.155] [exthost] [warning] [Decorations] CAPPING events from decorations provider vscode.git 8167
[2022-10-24 15:23:51.023] [exthost] [warning] [Decorations] CAPPING events from decorations provider vscode.git 8167
[2022-10-24 15:23:56.160] [exthost] [warning] [Decorations] CAPPING events from decorations provider vscode.git 8167
[2022-10-24 15:24:01.292] [exthost] [warning] [Decorations] CAPPING events from decorations provider vscode.git 8158
[2022-10-24 15:24:06.428] [exthost] [warning] [Decorations] CAPPING events from decorations provider vscode.git 8158
[2022-10-24 15:24:10.485] [exthost] [info] Extension host terminating: received terminate message from renderer
[2022-10-24 15:24:10.486] [exthost] [info] Lock '/home/zerok/.vscode-server/data/User/workspaceStorage/3c72db23a2342e308992e5e3b221ee0e/vscode.lock': Marking the lockfile as scheduled to be released in 6000 ms.
[2022-10-24 15:24:10.499] [exthost] [info] Extension host with pid 218 exiting with code 0
