[2022-10-24T20:23:45.559Z] Log level: Info
[2022-10-24T20:23:45.571Z] [info] Validating found git in: git
[2022-10-24T20:23:45.605Z] [info] Using git 2.25.1 from git
[2022-10-24T20:23:45.722Z] > git rev-parse --show-toplevel [104ms]
[2022-10-24T20:23:45.750Z] > git rev-parse --git-dir --git-common-dir [16ms]
[2022-10-24T20:23:45.757Z] [info] Open repository: /home/zerok
[2022-10-24T20:23:45.775Z] > git rev-parse --show-toplevel [2ms]
[2022-10-24T20:23:45.824Z] > git rev-parse --show-toplevel [40ms]
[2022-10-24T20:23:45.839Z] > git rev-parse --show-toplevel [10ms]
[2022-10-24T20:23:45.845Z] > git rev-parse --show-toplevel [0ms]
[2022-10-24T20:23:45.858Z] > git rev-parse --show-toplevel [4ms]
[2022-10-24T20:23:45.873Z] > git rev-parse --show-toplevel [11ms]
[2022-10-24T20:23:45.880Z] > git rev-parse --show-toplevel [2ms]
[2022-10-24T20:23:45.890Z] > git rev-parse --show-toplevel [0ms]
[2022-10-24T20:23:45.896Z] > git rev-parse --show-toplevel [1ms]
[2022-10-24T20:23:46.267Z] > git status -z -uall [501ms]
[2022-10-24T20:23:46.274Z] > git symbolic-ref --short HEAD [1ms]
[2022-10-24T20:23:46.342Z] > git for-each-ref --format=%(refname)%00%(upstream:short)%00%(objectname)%00%(upstream:track)%00%(upstream:remotename)%00%(upstream:remoteref) refs/heads/master refs/remotes/master [64ms]
[2022-10-24T20:23:46.360Z] > git remote --verbose [8ms]
[2022-10-24T20:23:46.360Z] > git for-each-ref --sort -committerdate --format %(refname) %(objectname) %(*objectname) [14ms]
[2022-10-24T20:23:47.007Z] > git check-ignore -v -z --stdin [518ms]
[2022-10-24T20:23:47.008Z] > git config --get commit.template [513ms]
[2022-10-24T20:23:47.083Z] > git status -z -uall [71ms]
[2022-10-24T20:23:47.089Z] > git symbolic-ref --short HEAD [1ms]
[2022-10-24T20:23:47.093Z] > git for-each-ref --format=%(refname)%00%(upstream:short)%00%(objectname)%00%(upstream:track)%00%(upstream:remotename)%00%(upstream:remoteref) refs/heads/master refs/remotes/master [0ms]
[2022-10-24T20:23:47.103Z] > git remote --verbose [1ms]
[2022-10-24T20:23:47.103Z] > git for-each-ref --sort -committerdate --format %(refname) %(objectname) %(*objectname) [6ms]
[2022-10-24T20:23:47.173Z] > git config --get commit.template [5ms]
[2022-10-24T20:23:50.949Z] > git status -z -uall [49ms]
[2022-10-24T20:23:50.954Z] > git symbolic-ref --short HEAD [1ms]
[2022-10-24T20:23:50.960Z] > git for-each-ref --format=%(refname)%00%(upstream:short)%00%(objectname)%00%(upstream:track)%00%(upstream:remotename)%00%(upstream:remoteref) refs/heads/master refs/remotes/master [1ms]
[2022-10-24T20:23:50.969Z] > git remote --verbose [1ms]
[2022-10-24T20:23:50.969Z] > git for-each-ref --sort -committerdate --format %(refname) %(objectname) %(*objectname) [6ms]
[2022-10-24T20:23:51.045Z] > git config --get commit.template [7ms]
[2022-10-24T20:23:54.809Z] > git check-ignore -v -z --stdin [1ms]
[2022-10-24T20:23:56.097Z] > git status -z -uall [46ms]
[2022-10-24T20:23:56.102Z] > git symbolic-ref --short HEAD [1ms]
[2022-10-24T20:23:56.107Z] > git for-each-ref --format=%(refname)%00%(upstream:short)%00%(objectname)%00%(upstream:track)%00%(upstream:remotename)%00%(upstream:remoteref) refs/heads/master refs/remotes/master [1ms]
[2022-10-24T20:23:56.117Z] > git remote --verbose [1ms]
[2022-10-24T20:23:56.117Z] > git for-each-ref --sort -committerdate --format %(refname) %(objectname) %(*objectname) [5ms]
[2022-10-24T20:23:56.176Z] > git config --get commit.template [5ms]
[2022-10-24T20:24:01.042Z] > git check-ignore -v -z --stdin [1ms]
[2022-10-24T20:24:01.229Z] > git status -z -uall [40ms]
[2022-10-24T20:24:01.235Z] > git symbolic-ref --short HEAD [1ms]
[2022-10-24T20:24:01.240Z] > git for-each-ref --format=%(refname)%00%(upstream:short)%00%(objectname)%00%(upstream:track)%00%(upstream:remotename)%00%(upstream:remoteref) refs/heads/master refs/remotes/master [0ms]
[2022-10-24T20:24:01.251Z] > git remote --verbose [1ms]
[2022-10-24T20:24:01.251Z] > git for-each-ref --sort -committerdate --format %(refname) %(objectname) %(*objectname) [7ms]
[2022-10-24T20:24:01.308Z] > git config --get commit.template [4ms]
[2022-10-24T20:24:04.690Z] > git check-ignore -v -z --stdin [1ms]
[2022-10-24T20:24:06.356Z] > git status -z -uall [40ms]
[2022-10-24T20:24:06.363Z] > git symbolic-ref --short HEAD [1ms]
[2022-10-24T20:24:06.370Z] > git for-each-ref --format=%(refname)%00%(upstream:short)%00%(objectname)%00%(upstream:track)%00%(upstream:remotename)%00%(upstream:remoteref) refs/heads/master refs/remotes/master [0ms]
[2022-10-24T20:24:06.382Z] > git remote --verbose [1ms]
[2022-10-24T20:24:06.382Z] > git for-each-ref --sort -committerdate --format %(refname) %(objectname) %(*objectname) [7ms]
[2022-10-24T20:24:06.444Z] > git config --get commit.template [4ms]
[2022-10-24T20:24:06.464Z] > git check-ignore -v -z --stdin [1ms]
