[2022-10-24T20:24:27.325Z] Log level: Info
[2022-10-24T20:24:27.336Z] [info] Validating found git in: git
[2022-10-24T20:24:27.361Z] [info] Using git 2.25.1 from git
[2022-10-24T20:24:27.441Z] > git rev-parse --show-toplevel [68ms]
[2022-10-24T20:24:27.473Z] > git rev-parse --git-dir --git-common-dir [22ms]
[2022-10-24T20:24:27.481Z] [info] Open repository: /home/zerok
[2022-10-24T20:24:27.552Z] > git status -z -uall [65ms]
[2022-10-24T20:24:27.564Z] > git symbolic-ref --short HEAD [8ms]
[2022-10-24T20:24:27.571Z] > git for-each-ref --format=%(refname)%00%(upstream:short)%00%(objectname)%00%(upstream:track)%00%(upstream:remotename)%00%(upstream:remoteref) refs/heads/master refs/remotes/master [2ms]
[2022-10-24T20:24:27.581Z] > git remote --verbose [3ms]
[2022-10-24T20:24:27.581Z] > git for-each-ref --sort -committerdate --format %(refname) %(objectname) %(*objectname) [6ms]
[2022-10-24T20:24:28.430Z] > git config --get commit.template [101ms]
[2022-10-24T20:24:28.438Z] > git check-ignore -v -z --stdin [89ms]
[2022-10-24T20:24:28.501Z] > git status -z -uall [66ms]
[2022-10-24T20:24:28.508Z] > git symbolic-ref --short HEAD [1ms]
[2022-10-24T20:24:28.514Z] > git for-each-ref --format=%(refname)%00%(upstream:short)%00%(objectname)%00%(upstream:track)%00%(upstream:remotename)%00%(upstream:remoteref) refs/heads/master refs/remotes/master [1ms]
[2022-10-24T20:24:28.523Z] > git remote --verbose [1ms]
[2022-10-24T20:24:28.523Z] > git for-each-ref --sort -committerdate --format %(refname) %(objectname) %(*objectname) [5ms]
[2022-10-24T20:24:28.614Z] > git config --get commit.template [23ms]
[2022-10-24T20:24:30.455Z] > git status -z -uall [46ms]
[2022-10-24T20:24:30.460Z] > git symbolic-ref --short HEAD [0ms]
[2022-10-24T20:24:30.466Z] > git for-each-ref --format=%(refname)%00%(upstream:short)%00%(objectname)%00%(upstream:track)%00%(upstream:remotename)%00%(upstream:remoteref) refs/heads/master refs/remotes/master [1ms]
[2022-10-24T20:24:30.475Z] > git remote --verbose [2ms]
[2022-10-24T20:24:30.475Z] > git for-each-ref --sort -committerdate --format %(refname) %(objectname) %(*objectname) [5ms]
[2022-10-24T20:24:30.557Z] > git config --get commit.template [8ms]
[2022-10-24T20:24:32.293Z] > git show --textconv :javaScript/index.html [10ms]
[2022-10-24T20:24:32.294Z] > git ls-files --stage -- /home/zerok/javaScript/index.html [3ms]
[2022-10-24T20:24:35.614Z] > git status -z -uall [47ms]
[2022-10-24T20:24:35.619Z] > git symbolic-ref --short HEAD [1ms]
[2022-10-24T20:24:35.626Z] > git for-each-ref --format=%(refname)%00%(upstream:short)%00%(objectname)%00%(upstream:track)%00%(upstream:remotename)%00%(upstream:remoteref) refs/heads/master refs/remotes/master [1ms]
[2022-10-24T20:24:35.635Z] > git remote --verbose [1ms]
[2022-10-24T20:24:35.635Z] > git for-each-ref --sort -committerdate --format %(refname) %(objectname) %(*objectname) [5ms]
[2022-10-24T20:24:35.705Z] > git config --get commit.template [1ms]
[2022-10-24T20:25:13.733Z] > git status -z -uall [59ms]
[2022-10-24T20:25:13.737Z] > git symbolic-ref --short HEAD [0ms]
[2022-10-24T20:25:13.742Z] > git for-each-ref --format=%(refname)%00%(upstream:short)%00%(objectname)%00%(upstream:track)%00%(upstream:remotename)%00%(upstream:remoteref) refs/heads/master refs/remotes/master [0ms]
[2022-10-24T20:25:13.752Z] > git remote --verbose [1ms]
[2022-10-24T20:25:13.753Z] > git for-each-ref --sort -committerdate --format %(refname) %(objectname) %(*objectname) [6ms]
[2022-10-24T20:25:13.858Z] > git config --get commit.template [10ms]
[2022-10-24T20:25:18.908Z] > git status -z -uall [42ms]
[2022-10-24T20:25:18.913Z] > git symbolic-ref --short HEAD [0ms]
[2022-10-24T20:25:18.919Z] > git for-each-ref --format=%(refname)%00%(upstream:short)%00%(objectname)%00%(upstream:track)%00%(upstream:remotename)%00%(upstream:remoteref) refs/heads/master refs/remotes/master [1ms]
[2022-10-24T20:25:18.927Z] > git remote --verbose [1ms]
[2022-10-24T20:25:18.927Z] > git for-each-ref --sort -committerdate --format %(refname) %(objectname) %(*objectname) [4ms]
[2022-10-24T20:25:18.987Z] > git config --get commit.template [5ms]
[2022-10-24T20:25:21.115Z] > git show --textconv :javaScript/script.js [9ms]
[2022-10-24T20:25:21.115Z] > git ls-files --stage -- /home/zerok/javaScript/script.js [2ms]
[2022-10-24T20:25:24.042Z] > git status -z -uall [46ms]
[2022-10-24T20:25:24.048Z] > git symbolic-ref --short HEAD [1ms]
[2022-10-24T20:25:24.054Z] > git for-each-ref --format=%(refname)%00%(upstream:short)%00%(objectname)%00%(upstream:track)%00%(upstream:remotename)%00%(upstream:remoteref) refs/heads/master refs/remotes/master [1ms]
[2022-10-24T20:25:24.065Z] > git remote --verbose [1ms]
[2022-10-24T20:25:24.066Z] > git for-each-ref --sort -committerdate --format %(refname) %(objectname) %(*objectname) [6ms]
[2022-10-24T20:25:24.129Z] > git config --get commit.template [1ms]
[2022-10-24T20:25:35.934Z] > git status -z -uall [48ms]
[2022-10-24T20:25:35.941Z] > git symbolic-ref --short HEAD [1ms]
[2022-10-24T20:25:35.946Z] > git for-each-ref --format=%(refname)%00%(upstream:short)%00%(objectname)%00%(upstream:track)%00%(upstream:remotename)%00%(upstream:remoteref) refs/heads/master refs/remotes/master [0ms]
[2022-10-24T20:25:35.958Z] > git remote --verbose [1ms]
[2022-10-24T20:25:35.958Z] > git for-each-ref --sort -committerdate --format %(refname) %(objectname) %(*objectname) [7ms]
[2022-10-24T20:25:36.030Z] > git config --get commit.template [1ms]
[2022-10-24T20:25:41.091Z] > git status -z -uall [49ms]
[2022-10-24T20:25:41.097Z] > git symbolic-ref --short HEAD [1ms]
[2022-10-24T20:25:41.105Z] > git for-each-ref --format=%(refname)%00%(upstream:short)%00%(objectname)%00%(upstream:track)%00%(upstream:remotename)%00%(upstream:remoteref) refs/heads/master refs/remotes/master [3ms]
[2022-10-24T20:25:41.118Z] > git remote --verbose [2ms]
[2022-10-24T20:25:41.118Z] > git for-each-ref --sort -committerdate --format %(refname) %(objectname) %(*objectname) [7ms]
[2022-10-24T20:25:41.185Z] > git config --get commit.template [6ms]
[2022-10-24T20:25:43.263Z] > git show --textconv :javaScript/index.html [8ms]
[2022-10-24T20:25:43.264Z] > git ls-files --stage -- /home/zerok/javaScript/index.html [2ms]
[2022-10-24T20:25:46.241Z] > git status -z -uall [44ms]
[2022-10-24T20:25:46.247Z] > git symbolic-ref --short HEAD [0ms]
[2022-10-24T20:25:46.253Z] > git for-each-ref --format=%(refname)%00%(upstream:short)%00%(objectname)%00%(upstream:track)%00%(upstream:remotename)%00%(upstream:remoteref) refs/heads/master refs/remotes/master [0ms]
[2022-10-24T20:25:46.264Z] > git remote --verbose [1ms]
[2022-10-24T20:25:46.265Z] > git for-each-ref --sort -committerdate --format %(refname) %(objectname) %(*objectname) [7ms]
[2022-10-24T20:25:46.338Z] > git config --get commit.template [13ms]
[2022-10-24T20:26:30.722Z] > git status -z -uall [66ms]
[2022-10-24T20:26:30.726Z] > git symbolic-ref --short HEAD [1ms]
[2022-10-24T20:26:30.734Z] > git for-each-ref --format=%(refname)%00%(upstream:short)%00%(objectname)%00%(upstream:track)%00%(upstream:remotename)%00%(upstream:remoteref) refs/heads/master refs/remotes/master [2ms]
[2022-10-24T20:26:30.743Z] > git remote --verbose [1ms]
[2022-10-24T20:26:30.744Z] > git for-each-ref --sort -committerdate --format %(refname) %(objectname) %(*objectname) [5ms]
[2022-10-24T20:26:30.852Z] > git config --get commit.template [11ms]
[2022-10-24T20:26:35.904Z] > git status -z -uall [42ms]
[2022-10-24T20:26:35.910Z] > git symbolic-ref --short HEAD [0ms]
[2022-10-24T20:26:35.916Z] > git for-each-ref --format=%(refname)%00%(upstream:short)%00%(objectname)%00%(upstream:track)%00%(upstream:remotename)%00%(upstream:remoteref) refs/heads/master refs/remotes/master [0ms]
[2022-10-24T20:26:35.927Z] > git remote --verbose [1ms]
[2022-10-24T20:26:35.928Z] > git for-each-ref --sort -committerdate --format %(refname) %(objectname) %(*objectname) [6ms]
[2022-10-24T20:26:35.991Z] > git config --get commit.template [5ms]
[2022-10-24T20:26:41.046Z] > git status -z -uall [44ms]
[2022-10-24T20:26:41.051Z] > git symbolic-ref --short HEAD [1ms]
[2022-10-24T20:26:41.056Z] > git for-each-ref --format=%(refname)%00%(upstream:short)%00%(objectname)%00%(upstream:track)%00%(upstream:remotename)%00%(upstream:remoteref) refs/heads/master refs/remotes/master [0ms]
[2022-10-24T20:26:41.066Z] > git remote --verbose [1ms]
[2022-10-24T20:26:41.066Z] > git for-each-ref --sort -committerdate --format %(refname) %(objectname) %(*objectname) [5ms]
[2022-10-24T20:26:41.128Z] > git config --get commit.template [5ms]
[2022-10-24T20:27:12.658Z] > git status -z -uall [84ms]
[2022-10-24T20:27:12.666Z] > git symbolic-ref --short HEAD [0ms]
[2022-10-24T20:27:12.671Z] > git for-each-ref --format=%(refname)%00%(upstream:short)%00%(objectname)%00%(upstream:track)%00%(upstream:remotename)%00%(upstream:remoteref) refs/heads/master refs/remotes/master [0ms]
[2022-10-24T20:27:12.684Z] > git remote --verbose [3ms]
[2022-10-24T20:27:12.684Z] > git for-each-ref --sort -committerdate --format %(refname) %(objectname) %(*objectname) [10ms]
[2022-10-24T20:27:12.792Z] > git config --get commit.template [15ms]
[2022-10-24T20:27:24.678Z] > git status -z -uall [63ms]
[2022-10-24T20:27:24.684Z] > git symbolic-ref --short HEAD [1ms]
[2022-10-24T20:27:24.693Z] > git for-each-ref --format=%(refname)%00%(upstream:short)%00%(objectname)%00%(upstream:track)%00%(upstream:remotename)%00%(upstream:remoteref) refs/heads/master refs/remotes/master [2ms]
[2022-10-24T20:27:24.706Z] > git remote --verbose [1ms]
[2022-10-24T20:27:24.707Z] > git for-each-ref --sort -committerdate --format %(refname) %(objectname) %(*objectname) [8ms]
[2022-10-24T20:27:24.803Z] > git config --get commit.template [10ms]
[2022-10-24T20:27:54.221Z] > git status -z -uall [62ms]
[2022-10-24T20:27:54.226Z] > git symbolic-ref --short HEAD [0ms]
[2022-10-24T20:27:54.230Z] > git for-each-ref --format=%(refname)%00%(upstream:short)%00%(objectname)%00%(upstream:track)%00%(upstream:remotename)%00%(upstream:remoteref) refs/heads/master refs/remotes/master [0ms]
[2022-10-24T20:27:54.240Z] > git remote --verbose [1ms]
[2022-10-24T20:27:54.240Z] > git for-each-ref --sort -committerdate --format %(refname) %(objectname) %(*objectname) [5ms]
[2022-10-24T20:27:54.308Z] > git config --get commit.template [3ms]
[2022-10-24T20:28:24.029Z] > git status -z -uall [57ms]
[2022-10-24T20:28:24.034Z] > git symbolic-ref --short HEAD [1ms]
[2022-10-24T20:28:24.040Z] > git for-each-ref --format=%(refname)%00%(upstream:short)%00%(objectname)%00%(upstream:track)%00%(upstream:remotename)%00%(upstream:remoteref) refs/heads/master refs/remotes/master [0ms]
[2022-10-24T20:28:24.049Z] > git remote --verbose [2ms]
[2022-10-24T20:28:24.049Z] > git for-each-ref --sort -committerdate --format %(refname) %(objectname) %(*objectname) [5ms]
[2022-10-24T20:28:24.124Z] > git config --get commit.template [3ms]
[2022-10-24T20:28:29.178Z] > git status -z -uall [45ms]
[2022-10-24T20:28:29.184Z] > git symbolic-ref --short HEAD [1ms]
[2022-10-24T20:28:29.190Z] > git for-each-ref --format=%(refname)%00%(upstream:short)%00%(objectname)%00%(upstream:track)%00%(upstream:remotename)%00%(upstream:remoteref) refs/heads/master refs/remotes/master [1ms]
[2022-10-24T20:28:29.201Z] > git remote --verbose [1ms]
[2022-10-24T20:28:29.201Z] > git for-each-ref --sort -committerdate --format %(refname) %(objectname) %(*objectname) [5ms]
[2022-10-24T20:28:29.272Z] > git config --get commit.template [6ms]
[2022-10-24T20:32:57.369Z] > git status -z -uall [82ms]
[2022-10-24T20:32:57.376Z] > git symbolic-ref --short HEAD [2ms]
[2022-10-24T20:32:57.381Z] > git for-each-ref --format=%(refname)%00%(upstream:short)%00%(objectname)%00%(upstream:track)%00%(upstream:remotename)%00%(upstream:remoteref) refs/heads/master refs/remotes/master [0ms]
[2022-10-24T20:32:57.390Z] > git remote --verbose [1ms]
[2022-10-24T20:32:57.391Z] > git for-each-ref --sort -committerdate --format %(refname) %(objectname) %(*objectname) [5ms]
[2022-10-24T20:32:57.471Z] > git config --get commit.template [4ms]
[2022-10-24T20:33:02.525Z] > git status -z -uall [46ms]
[2022-10-24T20:33:02.530Z] > git symbolic-ref --short HEAD [0ms]
[2022-10-24T20:33:02.537Z] > git for-each-ref --format=%(refname)%00%(upstream:short)%00%(objectname)%00%(upstream:track)%00%(upstream:remotename)%00%(upstream:remoteref) refs/heads/master refs/remotes/master [1ms]
[2022-10-24T20:33:02.546Z] > git remote --verbose [1ms]
[2022-10-24T20:33:02.546Z] > git for-each-ref --sort -committerdate --format %(refname) %(objectname) %(*objectname) [5ms]
[2022-10-24T20:33:02.606Z] > git config --get commit.template [5ms]
[2022-10-24T20:33:07.669Z] > git status -z -uall [52ms]
[2022-10-24T20:33:07.674Z] > git symbolic-ref --short HEAD [0ms]
[2022-10-24T20:33:07.681Z] > git for-each-ref --format=%(refname)%00%(upstream:short)%00%(objectname)%00%(upstream:track)%00%(upstream:remotename)%00%(upstream:remoteref) refs/heads/master refs/remotes/master [1ms]
[2022-10-24T20:33:07.691Z] > git remote --verbose [2ms]
[2022-10-24T20:33:07.691Z] > git for-each-ref --sort -committerdate --format %(refname) %(objectname) %(*objectname) [6ms]
[2022-10-24T20:33:07.751Z] > git config --get commit.template [5ms]
[2022-10-24T20:33:12.805Z] > git status -z -uall [44ms]
[2022-10-24T20:33:12.811Z] > git symbolic-ref --short HEAD [1ms]
[2022-10-24T20:33:12.817Z] > git for-each-ref --format=%(refname)%00%(upstream:short)%00%(objectname)%00%(upstream:track)%00%(upstream:remotename)%00%(upstream:remoteref) refs/heads/master refs/remotes/master [1ms]
[2022-10-24T20:33:12.826Z] > git remote --verbose [1ms]
[2022-10-24T20:33:12.826Z] > git for-each-ref --sort -committerdate --format %(refname) %(objectname) %(*objectname) [5ms]
[2022-10-24T20:33:12.885Z] > git config --get commit.template [4ms]
[2022-10-24T20:33:31.033Z] > git status -z -uall [59ms]
[2022-10-24T20:33:31.039Z] > git symbolic-ref --short HEAD [1ms]
[2022-10-24T20:33:31.045Z] > git for-each-ref --format=%(refname)%00%(upstream:short)%00%(objectname)%00%(upstream:track)%00%(upstream:remotename)%00%(upstream:remoteref) refs/heads/master refs/remotes/master [1ms]
[2022-10-24T20:33:31.053Z] > git remote --verbose [2ms]
[2022-10-24T20:33:31.053Z] > git for-each-ref --sort -committerdate --format %(refname) %(objectname) %(*objectname) [5ms]
[2022-10-24T20:33:31.136Z] > git config --get commit.template [4ms]
[2022-10-24T20:33:36.188Z] > git status -z -uall [42ms]
[2022-10-24T20:33:36.193Z] > git symbolic-ref --short HEAD [1ms]
[2022-10-24T20:33:36.199Z] > git for-each-ref --format=%(refname)%00%(upstream:short)%00%(objectname)%00%(upstream:track)%00%(upstream:remotename)%00%(upstream:remoteref) refs/heads/master refs/remotes/master [0ms]
[2022-10-24T20:33:36.208Z] > git remote --verbose [1ms]
[2022-10-24T20:33:36.208Z] > git for-each-ref --sort -committerdate --format %(refname) %(objectname) %(*objectname) [5ms]
[2022-10-24T20:33:36.269Z] > git config --get commit.template [5ms]
[2022-10-24T20:33:41.323Z] > git status -z -uall [43ms]
[2022-10-24T20:33:41.329Z] > git symbolic-ref --short HEAD [1ms]
[2022-10-24T20:33:41.336Z] > git for-each-ref --format=%(refname)%00%(upstream:short)%00%(objectname)%00%(upstream:track)%00%(upstream:remotename)%00%(upstream:remoteref) refs/heads/master refs/remotes/master [1ms]
[2022-10-24T20:33:41.347Z] > git remote --verbose [1ms]
[2022-10-24T20:33:41.347Z] > git for-each-ref --sort -committerdate --format %(refname) %(objectname) %(*objectname) [7ms]
[2022-10-24T20:33:41.408Z] > git config --get commit.template [4ms]
[2022-10-24T20:33:46.463Z] > git status -z -uall [47ms]
[2022-10-24T20:33:46.470Z] > git symbolic-ref --short HEAD [0ms]
[2022-10-24T20:33:46.478Z] > git for-each-ref --format=%(refname)%00%(upstream:short)%00%(objectname)%00%(upstream:track)%00%(upstream:remotename)%00%(upstream:remoteref) refs/heads/master refs/remotes/master [0ms]
[2022-10-24T20:33:46.493Z] > git remote --verbose [0ms]
[2022-10-24T20:33:46.494Z] > git for-each-ref --sort -committerdate --format %(refname) %(objectname) %(*objectname) [9ms]
[2022-10-24T20:33:46.565Z] > git config --get commit.template [8ms]
[2022-10-24T20:37:28.780Z] > git status -z -uall [63ms]
[2022-10-24T20:37:28.784Z] > git symbolic-ref --short HEAD [1ms]
[2022-10-24T20:37:28.789Z] > git for-each-ref --format=%(refname)%00%(upstream:short)%00%(objectname)%00%(upstream:track)%00%(upstream:remotename)%00%(upstream:remoteref) refs/heads/master refs/remotes/master [1ms]
[2022-10-24T20:37:28.798Z] > git remote --verbose [3ms]
[2022-10-24T20:37:28.798Z] > git for-each-ref --sort -committerdate --format %(refname) %(objectname) %(*objectname) [6ms]
[2022-10-24T20:37:28.886Z] > git config --get commit.template [11ms]
[2022-10-24T20:37:33.938Z] > git status -z -uall [41ms]
[2022-10-24T20:37:33.943Z] > git symbolic-ref --short HEAD [0ms]
[2022-10-24T20:37:33.948Z] > git for-each-ref --format=%(refname)%00%(upstream:short)%00%(objectname)%00%(upstream:track)%00%(upstream:remotename)%00%(upstream:remoteref) refs/heads/master refs/remotes/master [0ms]
[2022-10-24T20:37:33.958Z] > git remote --verbose [2ms]
[2022-10-24T20:37:33.958Z] > git for-each-ref --sort -committerdate --format %(refname) %(objectname) %(*objectname) [5ms]
[2022-10-24T20:37:34.025Z] > git config --get commit.template [5ms]
[2022-10-24T20:37:37.942Z] > git show --textconv :javaScript/.gitgnore [8ms]
[2022-10-24T20:37:37.943Z] > git ls-files --stage -- /home/zerok/javaScript/.gitgnore [2ms]
[2022-10-24T20:37:38.121Z] > git check-ignore -v -z --stdin [2ms]
[2022-10-24T20:37:42.574Z] > git status -z -uall [60ms]
[2022-10-24T20:37:42.581Z] > git symbolic-ref --short HEAD [1ms]
[2022-10-24T20:37:42.586Z] > git for-each-ref --format=%(refname)%00%(upstream:short)%00%(objectname)%00%(upstream:track)%00%(upstream:remotename)%00%(upstream:remoteref) refs/heads/master refs/remotes/master [1ms]
[2022-10-24T20:37:42.596Z] > git remote --verbose [1ms]
[2022-10-24T20:37:42.596Z] > git for-each-ref --sort -committerdate --format %(refname) %(objectname) %(*objectname) [5ms]
[2022-10-24T20:37:42.660Z] > git config --get commit.template [0ms]
[2022-10-24T20:37:47.711Z] > git status -z -uall [42ms]
[2022-10-24T20:37:47.716Z] > git symbolic-ref --short HEAD [0ms]
[2022-10-24T20:37:47.722Z] > git for-each-ref --format=%(refname)%00%(upstream:short)%00%(objectname)%00%(upstream:track)%00%(upstream:remotename)%00%(upstream:remoteref) refs/heads/master refs/remotes/master [0ms]
[2022-10-24T20:37:47.732Z] > git remote --verbose [1ms]
[2022-10-24T20:37:47.732Z] > git for-each-ref --sort -committerdate --format %(refname) %(objectname) %(*objectname) [6ms]
[2022-10-24T20:37:47.795Z] > git config --get commit.template [9ms]
[2022-10-24T20:37:52.839Z] > git show --textconv :javaScript/.gitignore [8ms]
[2022-10-24T20:37:52.840Z] > git ls-files --stage -- /home/zerok/javaScript/.gitignore [2ms]
[2022-10-24T20:37:52.871Z] > git status -z -uall [66ms]
[2022-10-24T20:37:52.879Z] > git symbolic-ref --short HEAD [1ms]
[2022-10-24T20:37:52.886Z] > git for-each-ref --format=%(refname)%00%(upstream:short)%00%(objectname)%00%(upstream:track)%00%(upstream:remotename)%00%(upstream:remoteref) refs/heads/master refs/remotes/master [1ms]
[2022-10-24T20:37:52.900Z] > git remote --verbose [1ms]
[2022-10-24T20:37:52.900Z] > git for-each-ref --sort -committerdate --format %(refname) %(objectname) %(*objectname) [8ms]
[2022-10-24T20:37:52.958Z] > git config --get commit.template [5ms]
[2022-10-24T20:37:53.490Z] > git check-ignore -v -z --stdin [6ms]
[2022-10-24T20:37:58.011Z] > git status -z -uall [42ms]
[2022-10-24T20:37:58.019Z] > git symbolic-ref --short HEAD [1ms]
[2022-10-24T20:37:58.026Z] > git for-each-ref --format=%(refname)%00%(upstream:short)%00%(objectname)%00%(upstream:track)%00%(upstream:remotename)%00%(upstream:remoteref) refs/heads/master refs/remotes/master [0ms]
[2022-10-24T20:37:58.039Z] > git remote --verbose [1ms]
[2022-10-24T20:37:58.039Z] > git for-each-ref --sort -committerdate --format %(refname) %(objectname) %(*objectname) [7ms]
[2022-10-24T20:37:58.100Z] > git config --get commit.template [1ms]
[2022-10-24T20:40:47.678Z] > git status -z -uall [58ms]
[2022-10-24T20:40:47.683Z] > git symbolic-ref --short HEAD [1ms]
[2022-10-24T20:40:47.687Z] > git for-each-ref --format=%(refname)%00%(upstream:short)%00%(objectname)%00%(upstream:track)%00%(upstream:remotename)%00%(upstream:remoteref) refs/heads/master refs/remotes/master [0ms]
[2022-10-24T20:40:47.696Z] > git remote --verbose [2ms]
[2022-10-24T20:40:47.696Z] > git for-each-ref --sort -committerdate --format %(refname) %(objectname) %(*objectname) [6ms]
[2022-10-24T20:40:47.765Z] > git config --get commit.template [2ms]
[2022-10-24T20:40:52.820Z] > git status -z -uall [44ms]
[2022-10-24T20:40:52.827Z] > git symbolic-ref --short HEAD [0ms]
[2022-10-24T20:40:52.833Z] > git for-each-ref --format=%(refname)%00%(upstream:short)%00%(objectname)%00%(upstream:track)%00%(upstream:remotename)%00%(upstream:remoteref) refs/heads/master refs/remotes/master [1ms]
[2022-10-24T20:40:52.846Z] > git remote --verbose [2ms]
[2022-10-24T20:40:52.846Z] > git for-each-ref --sort -committerdate --format %(refname) %(objectname) %(*objectname) [7ms]
[2022-10-24T20:40:52.925Z] > git config --get commit.template [6ms]
[2022-10-24T20:41:43.910Z] > git status -z -uall [86ms]
[2022-10-24T20:41:43.915Z] > git symbolic-ref --short HEAD [1ms]
[2022-10-24T20:41:43.920Z] > git for-each-ref --format=%(refname)%00%(upstream:short)%00%(objectname)%00%(upstream:track)%00%(upstream:remotename)%00%(upstream:remoteref) refs/heads/master refs/remotes/master [1ms]
[2022-10-24T20:41:43.931Z] > git remote --verbose [2ms]
[2022-10-24T20:41:43.931Z] > git for-each-ref --sort -committerdate --format %(refname) %(objectname) %(*objectname) [6ms]
[2022-10-24T20:41:44.859Z] > git config --get commit.template [793ms]
[2022-10-24T20:41:49.915Z] > git status -z -uall [45ms]
[2022-10-24T20:41:49.921Z] > git symbolic-ref --short HEAD [1ms]
[2022-10-24T20:41:49.926Z] > git for-each-ref --format=%(refname)%00%(upstream:short)%00%(objectname)%00%(upstream:track)%00%(upstream:remotename)%00%(upstream:remoteref) refs/heads/master refs/remotes/master [0ms]
[2022-10-24T20:41:49.936Z] > git remote --verbose [1ms]
[2022-10-24T20:41:49.936Z] > git for-each-ref --sort -committerdate --format %(refname) %(objectname) %(*objectname) [6ms]
[2022-10-24T20:41:49.999Z] > git config --get commit.template [5ms]
[2022-10-24T20:41:55.057Z] > git status -z -uall [48ms]
[2022-10-24T20:41:55.063Z] > git symbolic-ref --short HEAD [1ms]
[2022-10-24T20:41:55.072Z] > git for-each-ref --format=%(refname)%00%(upstream:short)%00%(objectname)%00%(upstream:track)%00%(upstream:remotename)%00%(upstream:remoteref) refs/heads/master refs/remotes/master [1ms]
[2022-10-24T20:41:55.081Z] > git remote --verbose [1ms]
[2022-10-24T20:41:55.081Z] > git for-each-ref --sort -committerdate --format %(refname) %(objectname) %(*objectname) [5ms]
[2022-10-24T20:41:55.157Z] > git config --get commit.template [8ms]
[2022-10-24T20:42:00.211Z] > git status -z -uall [45ms]
[2022-10-24T20:42:00.217Z] > git symbolic-ref --short HEAD [1ms]
[2022-10-24T20:42:00.223Z] > git for-each-ref --format=%(refname)%00%(upstream:short)%00%(objectname)%00%(upstream:track)%00%(upstream:remotename)%00%(upstream:remoteref) refs/heads/master refs/remotes/master [0ms]
[2022-10-24T20:42:00.234Z] > git remote --verbose [1ms]
[2022-10-24T20:42:00.235Z] > git for-each-ref --sort -committerdate --format %(refname) %(objectname) %(*objectname) [6ms]
[2022-10-24T20:42:00.297Z] > git config --get commit.template [4ms]
[2022-10-24T20:42:05.348Z] > git status -z -uall [41ms]
[2022-10-24T20:42:05.354Z] > git symbolic-ref --short HEAD [1ms]
[2022-10-24T20:42:05.361Z] > git for-each-ref --format=%(refname)%00%(upstream:short)%00%(objectname)%00%(upstream:track)%00%(upstream:remotename)%00%(upstream:remoteref) refs/heads/master refs/remotes/master [1ms]
[2022-10-24T20:42:05.372Z] > git remote --verbose [1ms]
[2022-10-24T20:42:05.372Z] > git for-each-ref --sort -committerdate --format %(refname) %(objectname) %(*objectname) [6ms]
[2022-10-24T20:42:05.432Z] > git config --get commit.template [4ms]
[2022-10-24T20:42:10.486Z] > git status -z -uall [45ms]
[2022-10-24T20:42:10.494Z] > git symbolic-ref --short HEAD [1ms]
[2022-10-24T20:42:10.503Z] > git for-each-ref --format=%(refname)%00%(upstream:short)%00%(objectname)%00%(upstream:track)%00%(upstream:remotename)%00%(upstream:remoteref) refs/heads/master refs/remotes/master [1ms]
[2022-10-24T20:42:10.516Z] > git remote --verbose [1ms]
[2022-10-24T20:42:10.516Z] > git for-each-ref --sort -committerdate --format %(refname) %(objectname) %(*objectname) [7ms]
[2022-10-24T20:42:10.592Z] > git config --get commit.template [7ms]
[2022-10-24T20:42:15.662Z] > git status -z -uall [46ms]
[2022-10-24T20:42:15.673Z] > git symbolic-ref --short HEAD [1ms]
[2022-10-24T20:42:15.689Z] > git for-each-ref --format=%(refname)%00%(upstream:short)%00%(objectname)%00%(upstream:track)%00%(upstream:remotename)%00%(upstream:remoteref) refs/heads/master refs/remotes/master [0ms]
[2022-10-24T20:42:15.723Z] > git remote --verbose [2ms]
[2022-10-24T20:42:15.723Z] > git for-each-ref --sort -committerdate --format %(refname) %(objectname) %(*objectname) [11ms]
[2022-10-24T20:42:15.797Z] > git config --get commit.template [14ms]
[2022-10-24T20:42:20.863Z] > git status -z -uall [57ms]
[2022-10-24T20:42:20.873Z] > git symbolic-ref --short HEAD [1ms]
[2022-10-24T20:42:20.882Z] > git for-each-ref --format=%(refname)%00%(upstream:short)%00%(objectname)%00%(upstream:track)%00%(upstream:remotename)%00%(upstream:remoteref) refs/heads/master refs/remotes/master [1ms]
[2022-10-24T20:42:20.898Z] > git for-each-ref --sort -committerdate --format %(refname) %(objectname) %(*objectname) [8ms]
[2022-10-24T20:42:20.899Z] > git remote --verbose [2ms]
[2022-10-24T20:42:20.989Z] > git config --get commit.template [11ms]
[2022-10-24T20:42:26.042Z] > git status -z -uall [42ms]
[2022-10-24T20:42:26.048Z] > git symbolic-ref --short HEAD [1ms]
[2022-10-24T20:42:26.054Z] > git for-each-ref --format=%(refname)%00%(upstream:short)%00%(objectname)%00%(upstream:track)%00%(upstream:remotename)%00%(upstream:remoteref) refs/heads/master refs/remotes/master [0ms]
[2022-10-24T20:42:26.065Z] > git remote --verbose [1ms]
[2022-10-24T20:42:26.065Z] > git for-each-ref --sort -committerdate --format %(refname) %(objectname) %(*objectname) [5ms]
[2022-10-24T20:42:26.138Z] > git config --get commit.template [8ms]
[2022-10-24T20:42:52.693Z] > git status -z -uall [56ms]
[2022-10-24T20:42:52.699Z] > git symbolic-ref --short HEAD [1ms]
[2022-10-24T20:42:52.703Z] > git for-each-ref --format=%(refname)%00%(upstream:short)%00%(objectname)%00%(upstream:track)%00%(upstream:remotename)%00%(upstream:remoteref) refs/heads/master refs/remotes/master [0ms]
[2022-10-24T20:42:52.711Z] > git remote --verbose [1ms]
[2022-10-24T20:42:52.711Z] > git for-each-ref --sort -committerdate --format %(refname) %(objectname) %(*objectname) [4ms]
[2022-10-24T20:42:52.801Z] > git config --get commit.template [10ms]
[2022-10-24T20:42:57.855Z] > git status -z -uall [45ms]
[2022-10-24T20:42:57.860Z] > git symbolic-ref --short HEAD [1ms]
[2022-10-24T20:42:57.866Z] > git for-each-ref --format=%(refname)%00%(upstream:short)%00%(objectname)%00%(upstream:track)%00%(upstream:remotename)%00%(upstream:remoteref) refs/heads/master refs/remotes/master [0ms]
[2022-10-24T20:42:57.876Z] > git remote --verbose [1ms]
[2022-10-24T20:42:57.877Z] > git for-each-ref --sort -committerdate --format %(refname) %(objectname) %(*objectname) [6ms]
[2022-10-24T20:42:57.937Z] > git config --get commit.template [6ms]
[2022-10-24T20:43:02.987Z] > git status -z -uall [40ms]
[2022-10-24T20:43:02.993Z] > git symbolic-ref --short HEAD [1ms]
[2022-10-24T20:43:02.999Z] > git for-each-ref --format=%(refname)%00%(upstream:short)%00%(objectname)%00%(upstream:track)%00%(upstream:remotename)%00%(upstream:remoteref) refs/heads/master refs/remotes/master [0ms]
[2022-10-24T20:43:03.009Z] > git remote --verbose [1ms]
[2022-10-24T20:43:03.009Z] > git for-each-ref --sort -committerdate --format %(refname) %(objectname) %(*objectname) [5ms]
[2022-10-24T20:43:03.069Z] > git config --get commit.template [5ms]
[2022-10-24T20:43:08.128Z] > git status -z -uall [49ms]
[2022-10-24T20:43:08.135Z] > git symbolic-ref --short HEAD [1ms]
[2022-10-24T20:43:08.142Z] > git for-each-ref --format=%(refname)%00%(upstream:short)%00%(objectname)%00%(upstream:track)%00%(upstream:remotename)%00%(upstream:remoteref) refs/heads/master refs/remotes/master [1ms]
[2022-10-24T20:43:08.154Z] > git remote --verbose [1ms]
[2022-10-24T20:43:08.155Z] > git for-each-ref --sort -committerdate --format %(refname) %(objectname) %(*objectname) [7ms]
[2022-10-24T20:43:08.221Z] > git config --get commit.template [6ms]
[2022-10-24T20:43:13.272Z] > git status -z -uall [40ms]
[2022-10-24T20:43:13.279Z] > git symbolic-ref --short HEAD [1ms]
[2022-10-24T20:43:13.285Z] > git for-each-ref --format=%(refname)%00%(upstream:short)%00%(objectname)%00%(upstream:track)%00%(upstream:remotename)%00%(upstream:remoteref) refs/heads/master refs/remotes/master [0ms]
[2022-10-24T20:43:13.308Z] > git remote --verbose [1ms]
[2022-10-24T20:43:13.308Z] > git for-each-ref --sort -committerdate --format %(refname) %(objectname) %(*objectname) [8ms]
[2022-10-24T20:43:13.371Z] > git config --get commit.template [7ms]
[2022-10-24T20:43:18.430Z] > git status -z -uall [46ms]
[2022-10-24T20:43:18.439Z] > git symbolic-ref --short HEAD [1ms]
[2022-10-24T20:43:18.447Z] > git for-each-ref --format=%(refname)%00%(upstream:short)%00%(objectname)%00%(upstream:track)%00%(upstream:remotename)%00%(upstream:remoteref) refs/heads/master refs/remotes/master [1ms]
[2022-10-24T20:43:18.463Z] > git remote --verbose [2ms]
[2022-10-24T20:43:18.463Z] > git for-each-ref --sort -committerdate --format %(refname) %(objectname) %(*objectname) [10ms]
[2022-10-24T20:43:18.521Z] > git config --get commit.template [4ms]
[2022-10-24T20:43:23.576Z] > git status -z -uall [44ms]
[2022-10-24T20:43:23.589Z] > git symbolic-ref --short HEAD [1ms]
[2022-10-24T20:43:23.600Z] > git for-each-ref --format=%(refname)%00%(upstream:short)%00%(objectname)%00%(upstream:track)%00%(upstream:remotename)%00%(upstream:remoteref) refs/heads/master refs/remotes/master [1ms]
[2022-10-24T20:43:23.638Z] > git remote --verbose [18ms]
[2022-10-24T20:43:23.638Z] > git for-each-ref --sort -committerdate --format %(refname) %(objectname) %(*objectname) [30ms]
[2022-10-24T20:43:23.708Z] > git config --get commit.template [2ms]
[2022-10-24T20:43:28.761Z] > git status -z -uall [45ms]
[2022-10-24T20:43:28.766Z] > git symbolic-ref --short HEAD [0ms]
[2022-10-24T20:43:28.773Z] > git for-each-ref --format=%(refname)%00%(upstream:short)%00%(objectname)%00%(upstream:track)%00%(upstream:remotename)%00%(upstream:remoteref) refs/heads/master refs/remotes/master [0ms]
[2022-10-24T20:43:28.782Z] > git remote --verbose [1ms]
[2022-10-24T20:43:28.782Z] > git for-each-ref --sort -committerdate --format %(refname) %(objectname) %(*objectname) [5ms]
[2022-10-24T20:43:28.845Z] > git config --get commit.template [4ms]
[2022-10-24T20:43:30.456Z] > git show --textconv :javaScript/script.js [8ms]
[2022-10-24T20:43:30.457Z] > git ls-files --stage -- /home/zerok/javaScript/script.js [3ms]
[2022-10-24T20:43:31.334Z] > git show --textconv :javaScript/.gitignore [6ms]
[2022-10-24T20:43:31.334Z] > git ls-files --stage -- /home/zerok/javaScript/.gitignore [1ms]
[2022-10-24T20:43:32.219Z] > git check-ignore -v -z --stdin [1ms]
[2022-10-24T20:43:33.660Z] > git check-ignore -v -z --stdin [1ms]
[2022-10-24T20:43:36.477Z] > git status -z -uall [44ms]
[2022-10-24T20:43:36.483Z] > git symbolic-ref --short HEAD [0ms]
[2022-10-24T20:43:36.491Z] > git for-each-ref --format=%(refname)%00%(upstream:short)%00%(objectname)%00%(upstream:track)%00%(upstream:remotename)%00%(upstream:remoteref) refs/heads/master refs/remotes/master [1ms]
[2022-10-24T20:43:36.502Z] > git remote --verbose [1ms]
[2022-10-24T20:43:36.503Z] > git for-each-ref --sort -committerdate --format %(refname) %(objectname) %(*objectname) [6ms]
[2022-10-24T20:43:36.564Z] > git config --get commit.template [1ms]
[2022-10-24T20:43:41.616Z] > git status -z -uall [43ms]
[2022-10-24T20:43:41.622Z] > git symbolic-ref --short HEAD [0ms]
[2022-10-24T20:43:41.630Z] > git for-each-ref --format=%(refname)%00%(upstream:short)%00%(objectname)%00%(upstream:track)%00%(upstream:remotename)%00%(upstream:remoteref) refs/heads/master refs/remotes/master [1ms]
[2022-10-24T20:43:41.641Z] > git remote --verbose [1ms]
[2022-10-24T20:43:41.642Z] > git for-each-ref --sort -committerdate --format %(refname) %(objectname) %(*objectname) [7ms]
[2022-10-24T20:43:41.707Z] > git config --get commit.template [6ms]
[2022-10-24T20:43:57.780Z] > git status -z -uall [50ms]
[2022-10-24T20:43:57.788Z] > git symbolic-ref --short HEAD [1ms]
[2022-10-24T20:43:57.794Z] > git for-each-ref --format=%(refname)%00%(upstream:short)%00%(objectname)%00%(upstream:track)%00%(upstream:remotename)%00%(upstream:remoteref) refs/heads/master refs/remotes/master [0ms]
[2022-10-24T20:43:57.808Z] > git remote --verbose [1ms]
[2022-10-24T20:43:57.808Z] > git for-each-ref --sort -committerdate --format %(refname) %(objectname) %(*objectname) [7ms]
[2022-10-24T20:43:57.874Z] > git config --get commit.template [8ms]
[2022-10-24T20:44:02.924Z] > git status -z -uall [40ms]
[2022-10-24T20:44:02.931Z] > git symbolic-ref --short HEAD [1ms]
[2022-10-24T20:44:02.938Z] > git for-each-ref --format=%(refname)%00%(upstream:short)%00%(objectname)%00%(upstream:track)%00%(upstream:remotename)%00%(upstream:remoteref) refs/heads/master refs/remotes/master [0ms]
[2022-10-24T20:44:02.949Z] > git remote --verbose [1ms]
[2022-10-24T20:44:02.950Z] > git for-each-ref --sort -committerdate --format %(refname) %(objectname) %(*objectname) [6ms]
[2022-10-24T20:44:03.015Z] > git config --get commit.template [1ms]
[2022-10-24T20:44:08.066Z] > git status -z -uall [41ms]
[2022-10-24T20:44:08.072Z] > git symbolic-ref --short HEAD [0ms]
[2022-10-24T20:44:08.080Z] > git for-each-ref --format=%(refname)%00%(upstream:short)%00%(objectname)%00%(upstream:track)%00%(upstream:remotename)%00%(upstream:remoteref) refs/heads/master refs/remotes/master [1ms]
[2022-10-24T20:44:08.091Z] > git remote --verbose [1ms]
[2022-10-24T20:44:08.091Z] > git for-each-ref --sort -committerdate --format %(refname) %(objectname) %(*objectname) [6ms]
[2022-10-24T20:44:08.159Z] > git config --get commit.template [6ms]
[2022-10-24T20:44:13.221Z] > git status -z -uall [50ms]
[2022-10-24T20:44:13.228Z] > git symbolic-ref --short HEAD [1ms]
[2022-10-24T20:44:13.234Z] > git for-each-ref --format=%(refname)%00%(upstream:short)%00%(objectname)%00%(upstream:track)%00%(upstream:remotename)%00%(upstream:remoteref) refs/heads/master refs/remotes/master [1ms]
[2022-10-24T20:44:13.246Z] > git remote --verbose [1ms]
[2022-10-24T20:44:13.246Z] > git for-each-ref --sort -committerdate --format %(refname) %(objectname) %(*objectname) [6ms]
[2022-10-24T20:44:13.308Z] > git config --get commit.template [5ms]
[2022-10-24T20:44:18.351Z] > git ls-files --stage -- /home/zerok/javaScript/.gitignore [1ms]
[2022-10-24T20:44:18.359Z] > git cat-file -s 53e7358aee016bc1918bf5ec4a9f4b8ca5d295e3 [0ms]
[2022-10-24T20:44:18.368Z] > git status -z -uall [49ms]
[2022-10-24T20:44:18.383Z] > git symbolic-ref --short HEAD [8ms]
[2022-10-24T20:44:18.392Z] > git show --textconv :javaScript/.gitignore [9ms]
[2022-10-24T20:44:18.392Z] > git for-each-ref --format=%(refname)%00%(upstream:short)%00%(objectname)%00%(upstream:track)%00%(upstream:remotename)%00%(upstream:remoteref) refs/heads/master refs/remotes/master [1ms]
[2022-10-24T20:44:18.408Z] > git remote --verbose [1ms]
[2022-10-24T20:44:18.408Z] > git for-each-ref --sort -committerdate --format %(refname) %(objectname) %(*objectname) [9ms]
[2022-10-24T20:44:18.478Z] > git config --get commit.template [7ms]
[2022-10-24T20:44:23.531Z] > git status -z -uall [42ms]
[2022-10-24T20:44:23.539Z] > git symbolic-ref --short HEAD [2ms]
[2022-10-24T20:44:23.547Z] > git for-each-ref --format=%(refname)%00%(upstream:short)%00%(objectname)%00%(upstream:track)%00%(upstream:remotename)%00%(upstream:remoteref) refs/heads/master refs/remotes/master [1ms]
[2022-10-24T20:44:23.562Z] > git remote --verbose [1ms]
[2022-10-24T20:44:23.562Z] > git for-each-ref --sort -committerdate --format %(refname) %(objectname) %(*objectname) [7ms]
[2022-10-24T20:44:23.625Z] > git config --get commit.template [5ms]
[2022-10-24T20:44:28.680Z] > git status -z -uall [42ms]
[2022-10-24T20:44:28.688Z] > git symbolic-ref --short HEAD [1ms]
[2022-10-24T20:44:28.696Z] > git for-each-ref --format=%(refname)%00%(upstream:short)%00%(objectname)%00%(upstream:track)%00%(upstream:remotename)%00%(upstream:remoteref) refs/heads/master refs/remotes/master [0ms]
[2022-10-24T20:44:28.711Z] > git remote --verbose [0ms]
[2022-10-24T20:44:28.711Z] > git for-each-ref --sort -committerdate --format %(refname) %(objectname) %(*objectname) [8ms]
[2022-10-24T20:44:28.780Z] > git config --get commit.template [10ms]
[2022-10-24T20:44:35.438Z] > git status -z -uall [54ms]
[2022-10-24T20:44:35.446Z] > git symbolic-ref --short HEAD [1ms]
[2022-10-24T20:44:35.452Z] > git for-each-ref --format=%(refname)%00%(upstream:short)%00%(objectname)%00%(upstream:track)%00%(upstream:remotename)%00%(upstream:remoteref) refs/heads/master refs/remotes/master [1ms]
[2022-10-24T20:44:35.464Z] > git remote --verbose [1ms]
[2022-10-24T20:44:35.465Z] > git for-each-ref --sort -committerdate --format %(refname) %(objectname) %(*objectname) [8ms]
[2022-10-24T20:44:35.539Z] > git config --get commit.template [6ms]
[2022-10-24T20:44:40.585Z] > git status -z -uall [40ms]
[2022-10-24T20:44:40.591Z] > git symbolic-ref --short HEAD [1ms]
[2022-10-24T20:44:40.598Z] > git for-each-ref --format=%(refname)%00%(upstream:short)%00%(objectname)%00%(upstream:track)%00%(upstream:remotename)%00%(upstream:remoteref) refs/heads/master refs/remotes/master [1ms]
[2022-10-24T20:44:40.609Z] > git remote --verbose [1ms]
[2022-10-24T20:44:40.609Z] > git for-each-ref --sort -committerdate --format %(refname) %(objectname) %(*objectname) [6ms]
[2022-10-24T20:44:40.667Z] > git config --get commit.template [4ms]
[2022-10-24T20:44:45.720Z] > git status -z -uall [44ms]
[2022-10-24T20:44:45.726Z] > git symbolic-ref --short HEAD [0ms]
[2022-10-24T20:44:45.733Z] > git for-each-ref --format=%(refname)%00%(upstream:short)%00%(objectname)%00%(upstream:track)%00%(upstream:remotename)%00%(upstream:remoteref) refs/heads/master refs/remotes/master [0ms]
[2022-10-24T20:44:45.745Z] > git remote --verbose [1ms]
[2022-10-24T20:44:45.746Z] > git for-each-ref --sort -committerdate --format %(refname) %(objectname) %(*objectname) [7ms]
[2022-10-24T20:44:45.806Z] > git config --get commit.template [4ms]
[2022-10-24T20:44:53.109Z] > git status -z -uall [55ms]
[2022-10-24T20:44:53.116Z] > git symbolic-ref --short HEAD [1ms]
[2022-10-24T20:44:53.123Z] > git for-each-ref --format=%(refname)%00%(upstream:short)%00%(objectname)%00%(upstream:track)%00%(upstream:remotename)%00%(upstream:remoteref) refs/heads/master refs/remotes/master [0ms]
[2022-10-24T20:44:53.139Z] > git remote --verbose [2ms]
[2022-10-24T20:44:53.139Z] > git for-each-ref --sort -committerdate --format %(refname) %(objectname) %(*objectname) [8ms]
[2022-10-24T20:44:53.200Z] > git config --get commit.template [4ms]
[2022-10-24T20:44:58.258Z] > git status -z -uall [47ms]
[2022-10-24T20:44:58.263Z] > git symbolic-ref --short HEAD [0ms]
[2022-10-24T20:44:58.271Z] > git for-each-ref --format=%(refname)%00%(upstream:short)%00%(objectname)%00%(upstream:track)%00%(upstream:remotename)%00%(upstream:remoteref) refs/heads/master refs/remotes/master [1ms]
[2022-10-24T20:44:58.282Z] > git remote --verbose [1ms]
[2022-10-24T20:44:58.283Z] > git for-each-ref --sort -committerdate --format %(refname) %(objectname) %(*objectname) [7ms]
[2022-10-24T20:44:58.352Z] > git config --get commit.template [9ms]
[2022-10-24T20:45:16.575Z] > git status -z -uall [47ms]
[2022-10-24T20:45:16.581Z] > git symbolic-ref --short HEAD [0ms]
[2022-10-24T20:45:16.587Z] > git for-each-ref --format=%(refname)%00%(upstream:short)%00%(objectname)%00%(upstream:track)%00%(upstream:remotename)%00%(upstream:remoteref) refs/heads/master refs/remotes/master [0ms]
[2022-10-24T20:45:16.598Z] > git remote --verbose [1ms]
[2022-10-24T20:45:16.599Z] > git for-each-ref --sort -committerdate --format %(refname) %(objectname) %(*objectname) [6ms]
[2022-10-24T20:45:16.660Z] > git config --get commit.template [1ms]
[2022-10-24T20:45:21.713Z] > git status -z -uall [45ms]
[2022-10-24T20:45:21.719Z] > git symbolic-ref --short HEAD [1ms]
[2022-10-24T20:45:21.725Z] > git for-each-ref --format=%(refname)%00%(upstream:short)%00%(objectname)%00%(upstream:track)%00%(upstream:remotename)%00%(upstream:remoteref) refs/heads/master refs/remotes/master [1ms]
[2022-10-24T20:45:21.736Z] > git remote --verbose [1ms]
[2022-10-24T20:45:21.736Z] > git for-each-ref --sort -committerdate --format %(refname) %(objectname) %(*objectname) [6ms]
[2022-10-24T20:45:21.800Z] > git config --get commit.template [6ms]
[2022-10-24T20:45:45.957Z] > git status -z -uall [65ms]
[2022-10-24T20:45:45.963Z] > git symbolic-ref --short HEAD [1ms]
[2022-10-24T20:45:45.969Z] > git for-each-ref --format=%(refname)%00%(upstream:short)%00%(objectname)%00%(upstream:track)%00%(upstream:remotename)%00%(upstream:remoteref) refs/heads/master refs/remotes/master [0ms]
[2022-10-24T20:45:45.979Z] > git remote --verbose [1ms]
[2022-10-24T20:45:45.980Z] > git for-each-ref --sort -committerdate --format %(refname) %(objectname) %(*objectname) [6ms]
[2022-10-24T20:45:46.083Z] > git config --get commit.template [11ms]
[2022-10-24T20:45:51.137Z] > git status -z -uall [44ms]
[2022-10-24T20:45:51.142Z] > git symbolic-ref --short HEAD [0ms]
[2022-10-24T20:45:51.150Z] > git for-each-ref --format=%(refname)%00%(upstream:short)%00%(objectname)%00%(upstream:track)%00%(upstream:remotename)%00%(upstream:remoteref) refs/heads/master refs/remotes/master [1ms]
[2022-10-24T20:45:51.161Z] > git remote --verbose [2ms]
[2022-10-24T20:45:51.161Z] > git for-each-ref --sort -committerdate --format %(refname) %(objectname) %(*objectname) [6ms]
[2022-10-24T20:45:51.224Z] > git config --get commit.template [6ms]
[2022-10-24T20:45:56.281Z] > git status -z -uall [46ms]
[2022-10-24T20:45:56.289Z] > git symbolic-ref --short HEAD [1ms]
[2022-10-24T20:45:56.296Z] > git for-each-ref --format=%(refname)%00%(upstream:short)%00%(objectname)%00%(upstream:track)%00%(upstream:remotename)%00%(upstream:remoteref) refs/heads/master refs/remotes/master [1ms]
[2022-10-24T20:45:56.312Z] > git remote --verbose [1ms]
[2022-10-24T20:45:56.312Z] > git for-each-ref --sort -committerdate --format %(refname) %(objectname) %(*objectname) [10ms]
[2022-10-24T20:45:56.398Z] > git config --get commit.template [6ms]
[2022-10-24T20:46:08.702Z] > git status -z -uall [45ms]
[2022-10-24T20:46:08.709Z] > git symbolic-ref --short HEAD [1ms]
[2022-10-24T20:46:08.717Z] > git for-each-ref --format=%(refname)%00%(upstream:short)%00%(objectname)%00%(upstream:track)%00%(upstream:remotename)%00%(upstream:remoteref) refs/heads/master refs/remotes/master [1ms]
[2022-10-24T20:46:08.729Z] > git remote --verbose [1ms]
[2022-10-24T20:46:08.730Z] > git for-each-ref --sort -committerdate --format %(refname) %(objectname) %(*objectname) [7ms]
[2022-10-24T20:46:08.809Z] > git config --get commit.template [9ms]
[2022-10-24T20:46:13.863Z] > git status -z -uall [45ms]
[2022-10-24T20:46:13.870Z] > git symbolic-ref --short HEAD [1ms]
[2022-10-24T20:46:13.876Z] > git for-each-ref --format=%(refname)%00%(upstream:short)%00%(objectname)%00%(upstream:track)%00%(upstream:remotename)%00%(upstream:remoteref) refs/heads/master refs/remotes/master [0ms]
[2022-10-24T20:46:13.889Z] > git remote --verbose [1ms]
[2022-10-24T20:46:13.889Z] > git for-each-ref --sort -committerdate --format %(refname) %(objectname) %(*objectname) [6ms]
[2022-10-24T20:46:13.953Z] > git config --get commit.template [6ms]
[2022-10-24T20:46:19.009Z] > git status -z -uall [45ms]
[2022-10-24T20:46:19.016Z] > git symbolic-ref --short HEAD [1ms]
[2022-10-24T20:46:19.023Z] > git for-each-ref --format=%(refname)%00%(upstream:short)%00%(objectname)%00%(upstream:track)%00%(upstream:remotename)%00%(upstream:remoteref) refs/heads/master refs/remotes/master [0ms]
[2022-10-24T20:46:19.036Z] > git remote --verbose [1ms]
[2022-10-24T20:46:19.036Z] > git for-each-ref --sort -committerdate --format %(refname) %(objectname) %(*objectname) [6ms]
[2022-10-24T20:46:19.101Z] > git config --get commit.template [9ms]
[2022-10-24T20:46:24.156Z] > git status -z -uall [44ms]
[2022-10-24T20:46:24.163Z] > git symbolic-ref --short HEAD [0ms]
[2022-10-24T20:46:24.171Z] > git for-each-ref --format=%(refname)%00%(upstream:short)%00%(objectname)%00%(upstream:track)%00%(upstream:remotename)%00%(upstream:remoteref) refs/heads/master refs/remotes/master [0ms]
[2022-10-24T20:46:24.185Z] > git remote --verbose [1ms]
[2022-10-24T20:46:24.185Z] > git for-each-ref --sort -committerdate --format %(refname) %(objectname) %(*objectname) [7ms]
[2022-10-24T20:46:24.247Z] > git config --get commit.template [6ms]
[2022-10-24T20:46:29.306Z] > git status -z -uall [49ms]
[2022-10-24T20:46:29.318Z] > git symbolic-ref --short HEAD [1ms]
[2022-10-24T20:46:29.348Z] > git for-each-ref --format=%(refname)%00%(upstream:short)%00%(objectname)%00%(upstream:track)%00%(upstream:remotename)%00%(upstream:remoteref) refs/heads/master refs/remotes/master [19ms]
[2022-10-24T20:46:29.362Z] > git remote --verbose [1ms]
[2022-10-24T20:46:29.362Z] > git for-each-ref --sort -committerdate --format %(refname) %(objectname) %(*objectname) [7ms]
[2022-10-24T20:46:29.422Z] > git config --get commit.template [0ms]
[2022-10-24T20:46:34.307Z] > git check-ignore -v -z --stdin [2ms]
[2022-10-24T20:46:34.472Z] > git status -z -uall [43ms]
[2022-10-24T20:46:34.477Z] > git symbolic-ref --short HEAD [1ms]
[2022-10-24T20:46:34.483Z] > git for-each-ref --format=%(refname)%00%(upstream:short)%00%(objectname)%00%(upstream:track)%00%(upstream:remotename)%00%(upstream:remoteref) refs/heads/master refs/remotes/master [1ms]
[2022-10-24T20:46:34.493Z] > git remote --verbose [1ms]
[2022-10-24T20:46:34.493Z] > git for-each-ref --sort -committerdate --format %(refname) %(objectname) %(*objectname) [6ms]
[2022-10-24T20:46:34.562Z] > git config --get commit.template [10ms]
[2022-10-24T20:46:39.611Z] > git status -z -uall [39ms]
[2022-10-24T20:46:39.618Z] > git symbolic-ref --short HEAD [1ms]
[2022-10-24T20:46:39.624Z] > git for-each-ref --format=%(refname)%00%(upstream:short)%00%(objectname)%00%(upstream:track)%00%(upstream:remotename)%00%(upstream:remoteref) refs/heads/master refs/remotes/master [1ms]
[2022-10-24T20:46:39.635Z] > git remote --verbose [1ms]
[2022-10-24T20:46:39.635Z] > git for-each-ref --sort -committerdate --format %(refname) %(objectname) %(*objectname) [6ms]
[2022-10-24T20:46:39.698Z] > git config --get commit.template [7ms]
[2022-10-24T20:46:44.751Z] > git status -z -uall [41ms]
[2022-10-24T20:46:44.757Z] > git symbolic-ref --short HEAD [0ms]
[2022-10-24T20:46:44.763Z] > git for-each-ref --format=%(refname)%00%(upstream:short)%00%(objectname)%00%(upstream:track)%00%(upstream:remotename)%00%(upstream:remoteref) refs/heads/master refs/remotes/master [0ms]
[2022-10-24T20:46:44.775Z] > git remote --verbose [1ms]
[2022-10-24T20:46:44.775Z] > git for-each-ref --sort -committerdate --format %(refname) %(objectname) %(*objectname) [7ms]
[2022-10-24T20:46:44.836Z] > git config --get commit.template [5ms]
[2022-10-24T20:46:49.902Z] > git status -z -uall [52ms]
[2022-10-24T20:46:49.910Z] > git symbolic-ref --short HEAD [1ms]
[2022-10-24T20:46:49.920Z] > git for-each-ref --format=%(refname)%00%(upstream:short)%00%(objectname)%00%(upstream:track)%00%(upstream:remotename)%00%(upstream:remoteref) refs/heads/master refs/remotes/master [0ms]
[2022-10-24T20:46:49.938Z] > git remote --verbose [1ms]
[2022-10-24T20:46:49.938Z] > git for-each-ref --sort -committerdate --format %(refname) %(objectname) %(*objectname) [7ms]
[2022-10-24T20:46:50.022Z] > git config --get commit.template [12ms]
[2022-10-24T20:46:55.082Z] > git status -z -uall [44ms]
[2022-10-24T20:46:55.090Z] > git symbolic-ref --short HEAD [0ms]
[2022-10-24T20:46:55.099Z] > git for-each-ref --format=%(refname)%00%(upstream:short)%00%(objectname)%00%(upstream:track)%00%(upstream:remotename)%00%(upstream:remoteref) refs/heads/master refs/remotes/master [1ms]
[2022-10-24T20:46:55.128Z] > git remote --verbose [1ms]
[2022-10-24T20:46:55.129Z] > git for-each-ref --sort -committerdate --format %(refname) %(objectname) %(*objectname) [20ms]
[2022-10-24T20:46:55.226Z] > git config --get commit.template [6ms]
[2022-10-24T20:47:00.305Z] > git status -z -uall [66ms]
[2022-10-24T20:47:00.328Z] > git symbolic-ref --short HEAD [0ms]
[2022-10-24T20:47:00.369Z] > git for-each-ref --format=%(refname)%00%(upstream:short)%00%(objectname)%00%(upstream:track)%00%(upstream:remotename)%00%(upstream:remoteref) refs/heads/master refs/remotes/master [27ms]
[2022-10-24T20:47:00.389Z] > git remote --verbose [1ms]
[2022-10-24T20:47:00.389Z] > git for-each-ref --sort -committerdate --format %(refname) %(objectname) %(*objectname) [9ms]
[2022-10-24T20:47:00.468Z] > git config --get commit.template [1ms]
[2022-10-24T20:47:05.522Z] > git status -z -uall [45ms]
[2022-10-24T20:47:05.530Z] > git symbolic-ref --short HEAD [1ms]
[2022-10-24T20:47:05.536Z] > git for-each-ref --format=%(refname)%00%(upstream:short)%00%(objectname)%00%(upstream:track)%00%(upstream:remotename)%00%(upstream:remoteref) refs/heads/master refs/remotes/master [0ms]
[2022-10-24T20:47:05.547Z] > git remote --verbose [1ms]
[2022-10-24T20:47:05.547Z] > git for-each-ref --sort -committerdate --format %(refname) %(objectname) %(*objectname) [5ms]
[2022-10-24T20:47:05.616Z] > git config --get commit.template [8ms]
[2022-10-24T20:47:10.669Z] > git status -z -uall [43ms]
[2022-10-24T20:47:10.674Z] > git symbolic-ref --short HEAD [1ms]
[2022-10-24T20:47:10.681Z] > git for-each-ref --format=%(refname)%00%(upstream:short)%00%(objectname)%00%(upstream:track)%00%(upstream:remotename)%00%(upstream:remoteref) refs/heads/master refs/remotes/master [1ms]
[2022-10-24T20:47:10.690Z] > git remote --verbose [0ms]
[2022-10-24T20:47:10.691Z] > git for-each-ref --sort -committerdate --format %(refname) %(objectname) %(*objectname) [6ms]
[2022-10-24T20:47:10.751Z] > git config --get commit.template [6ms]
[2022-10-24T20:47:15.805Z] > git status -z -uall [41ms]
[2022-10-24T20:47:15.812Z] > git symbolic-ref --short HEAD [1ms]
[2022-10-24T20:47:15.819Z] > git for-each-ref --format=%(refname)%00%(upstream:short)%00%(objectname)%00%(upstream:track)%00%(upstream:remotename)%00%(upstream:remoteref) refs/heads/master refs/remotes/master [1ms]
[2022-10-24T20:47:15.832Z] > git remote --verbose [1ms]
[2022-10-24T20:47:15.832Z] > git for-each-ref --sort -committerdate --format %(refname) %(objectname) %(*objectname) [6ms]
[2022-10-24T20:47:15.894Z] > git config --get commit.template [5ms]
[2022-10-24T20:47:19.486Z] > git check-ignore -v -z --stdin [1ms]
[2022-10-24T20:47:20.947Z] > git status -z -uall [43ms]
[2022-10-24T20:47:20.954Z] > git symbolic-ref --short HEAD [1ms]
[2022-10-24T20:47:20.961Z] > git for-each-ref --format=%(refname)%00%(upstream:short)%00%(objectname)%00%(upstream:track)%00%(upstream:remotename)%00%(upstream:remoteref) refs/heads/master refs/remotes/master [1ms]
[2022-10-24T20:47:20.973Z] > git remote --verbose [1ms]
[2022-10-24T20:47:20.973Z] > git for-each-ref --sort -committerdate --format %(refname) %(objectname) %(*objectname) [7ms]
[2022-10-24T20:47:21.035Z] > git config --get commit.template [7ms]
[2022-10-24T20:47:26.090Z] > git status -z -uall [43ms]
[2022-10-24T20:47:26.099Z] > git symbolic-ref --short HEAD [0ms]
[2022-10-24T20:47:26.108Z] > git for-each-ref --format=%(refname)%00%(upstream:short)%00%(objectname)%00%(upstream:track)%00%(upstream:remotename)%00%(upstream:remoteref) refs/heads/master refs/remotes/master [1ms]
[2022-10-24T20:47:26.122Z] > git remote --verbose [1ms]
[2022-10-24T20:47:26.122Z] > git for-each-ref --sort -committerdate --format %(refname) %(objectname) %(*objectname) [8ms]
[2022-10-24T20:47:26.189Z] > git config --get commit.template [9ms]
[2022-10-24T20:47:31.238Z] > git status -z -uall [41ms]
[2022-10-24T20:47:31.244Z] > git symbolic-ref --short HEAD [1ms]
[2022-10-24T20:47:31.249Z] > git for-each-ref --format=%(refname)%00%(upstream:short)%00%(objectname)%00%(upstream:track)%00%(upstream:remotename)%00%(upstream:remoteref) refs/heads/master refs/remotes/master [0ms]
[2022-10-24T20:47:31.259Z] > git remote --verbose [1ms]
[2022-10-24T20:47:31.259Z] > git for-each-ref --sort -committerdate --format %(refname) %(objectname) %(*objectname) [5ms]
[2022-10-24T20:47:31.321Z] > git config --get commit.template [4ms]
[2022-10-24T20:47:33.760Z] > git ls-files --stage -- /home/zerok/javaScript/.gitignore [1ms]
[2022-10-24T20:47:33.767Z] > git cat-file -s d089d1c3f2bf7d0f732cd8fb4eb11cd1b45bd28a [0ms]
[2022-10-24T20:47:33.780Z] > git show --textconv :javaScript/.gitignore [1ms]
[2022-10-24T20:47:36.376Z] > git status -z -uall [44ms]
[2022-10-24T20:47:36.381Z] > git symbolic-ref --short HEAD [0ms]
[2022-10-24T20:47:36.388Z] > git for-each-ref --format=%(refname)%00%(upstream:short)%00%(objectname)%00%(upstream:track)%00%(upstream:remotename)%00%(upstream:remoteref) refs/heads/master refs/remotes/master [1ms]
[2022-10-24T20:47:36.398Z] > git remote --verbose [0ms]
[2022-10-24T20:47:36.398Z] > git for-each-ref --sort -committerdate --format %(refname) %(objectname) %(*objectname) [5ms]
[2022-10-24T20:47:36.470Z] > git config --get commit.template [8ms]
[2022-10-24T20:47:41.528Z] > git status -z -uall [50ms]
[2022-10-24T20:47:41.536Z] > git symbolic-ref --short HEAD [1ms]
[2022-10-24T20:47:41.544Z] > git for-each-ref --format=%(refname)%00%(upstream:short)%00%(objectname)%00%(upstream:track)%00%(upstream:remotename)%00%(upstream:remoteref) refs/heads/master refs/remotes/master [1ms]
[2022-10-24T20:47:41.558Z] > git remote --verbose [1ms]
[2022-10-24T20:47:41.559Z] > git for-each-ref --sort -committerdate --format %(refname) %(objectname) %(*objectname) [8ms]
[2022-10-24T20:47:41.632Z] > git config --get commit.template [6ms]
[2022-10-24T20:47:46.684Z] > git status -z -uall [39ms]
[2022-10-24T20:47:46.692Z] > git symbolic-ref --short HEAD [1ms]
[2022-10-24T20:47:46.703Z] > git for-each-ref --format=%(refname)%00%(upstream:short)%00%(objectname)%00%(upstream:track)%00%(upstream:remotename)%00%(upstream:remoteref) refs/heads/master refs/remotes/master [1ms]
[2022-10-24T20:47:46.717Z] > git remote --verbose [1ms]
[2022-10-24T20:47:46.717Z] > git for-each-ref --sort -committerdate --format %(refname) %(objectname) %(*objectname) [7ms]
[2022-10-24T20:47:46.781Z] > git config --get commit.template [1ms]
[2022-10-24T20:48:05.505Z] > git status -z -uall [70ms]
[2022-10-24T20:48:05.513Z] > git symbolic-ref --short HEAD [2ms]
[2022-10-24T20:48:05.518Z] > git for-each-ref --format=%(refname)%00%(upstream:short)%00%(objectname)%00%(upstream:track)%00%(upstream:remotename)%00%(upstream:remoteref) refs/heads/master refs/remotes/master [1ms]
[2022-10-24T20:48:05.527Z] > git remote --verbose [1ms]
[2022-10-24T20:48:05.527Z] > git for-each-ref --sort -committerdate --format %(refname) %(objectname) %(*objectname) [5ms]
[2022-10-24T20:48:05.621Z] > git config --get commit.template [9ms]
[2022-10-24T20:48:10.672Z] > git status -z -uall [44ms]
[2022-10-24T20:48:10.678Z] > git symbolic-ref --short HEAD [0ms]
[2022-10-24T20:48:10.684Z] > git for-each-ref --format=%(refname)%00%(upstream:short)%00%(objectname)%00%(upstream:track)%00%(upstream:remotename)%00%(upstream:remoteref) refs/heads/master refs/remotes/master [0ms]
[2022-10-24T20:48:10.697Z] > git remote --verbose [1ms]
[2022-10-24T20:48:10.697Z] > git for-each-ref --sort -committerdate --format %(refname) %(objectname) %(*objectname) [6ms]
[2022-10-24T20:48:10.776Z] > git config --get commit.template [8ms]
[2022-10-24T20:48:36.563Z] > git status -z -uall [63ms]
[2022-10-24T20:48:36.573Z] > git symbolic-ref --short HEAD [1ms]
[2022-10-24T20:48:36.582Z] > git for-each-ref --format=%(refname)%00%(upstream:short)%00%(objectname)%00%(upstream:track)%00%(upstream:remotename)%00%(upstream:remoteref) refs/heads/master refs/remotes/master [1ms]
[2022-10-24T20:48:36.599Z] > git remote --verbose [1ms]
[2022-10-24T20:48:36.599Z] > git for-each-ref --sort -committerdate --format %(refname) %(objectname) %(*objectname) [12ms]
[2022-10-24T20:48:36.681Z] > git config --get commit.template [2ms]
[2022-10-24T20:48:47.746Z] > git status -z -uall [56ms]
[2022-10-24T20:48:47.751Z] > git symbolic-ref --short HEAD [0ms]
[2022-10-24T20:48:47.757Z] > git for-each-ref --format=%(refname)%00%(upstream:short)%00%(objectname)%00%(upstream:track)%00%(upstream:remotename)%00%(upstream:remoteref) refs/heads/master refs/remotes/master [1ms]
[2022-10-24T20:48:47.769Z] > git remote --verbose [4ms]
[2022-10-24T20:48:47.769Z] > git for-each-ref --sort -committerdate --format %(refname) %(objectname) %(*objectname) [7ms]
[2022-10-24T20:48:47.843Z] > git config --get commit.template [2ms]
[2022-10-24T20:48:52.896Z] > git status -z -uall [43ms]
[2022-10-24T20:48:52.902Z] > git symbolic-ref --short HEAD [1ms]
[2022-10-24T20:48:52.907Z] > git for-each-ref --format=%(refname)%00%(upstream:short)%00%(objectname)%00%(upstream:track)%00%(upstream:remotename)%00%(upstream:remoteref) refs/heads/master refs/remotes/master [0ms]
[2022-10-24T20:48:52.924Z] > git for-each-ref --sort -committerdate --format %(refname) %(objectname) %(*objectname) [7ms]
[2022-10-24T20:48:52.924Z] > git remote --verbose [1ms]
[2022-10-24T20:48:52.998Z] > git config --get commit.template [6ms]
[2022-10-24T20:48:58.054Z] > git status -z -uall [48ms]
[2022-10-24T20:48:58.062Z] > git symbolic-ref --short HEAD [0ms]
[2022-10-24T20:48:58.069Z] > git for-each-ref --format=%(refname)%00%(upstream:short)%00%(objectname)%00%(upstream:track)%00%(upstream:remotename)%00%(upstream:remoteref) refs/heads/master refs/remotes/master [0ms]
[2022-10-24T20:48:58.081Z] > git remote --verbose [1ms]
[2022-10-24T20:48:58.081Z] > git for-each-ref --sort -committerdate --format %(refname) %(objectname) %(*objectname) [7ms]
[2022-10-24T20:48:58.160Z] > git config --get commit.template [8ms]
[2022-10-24T20:49:03.236Z] > git status -z -uall [67ms]
[2022-10-24T20:49:03.248Z] > git symbolic-ref --short HEAD [1ms]
[2022-10-24T20:49:03.257Z] > git for-each-ref --format=%(refname)%00%(upstream:short)%00%(objectname)%00%(upstream:track)%00%(upstream:remotename)%00%(upstream:remoteref) refs/heads/master refs/remotes/master [2ms]
[2022-10-24T20:49:03.277Z] > git remote --verbose [2ms]
[2022-10-24T20:49:03.277Z] > git for-each-ref --sort -committerdate --format %(refname) %(objectname) %(*objectname) [11ms]
[2022-10-24T20:49:03.398Z] > git config --get commit.template [15ms]
