0 verbose cli /usr/local/bin/node /usr/local/bin/npm
1 info using npm@8.19.1
2 info using node@v18.9.0
3 timing npm:load:whichnode Completed in 1ms
4 timing config:load:defaults Completed in 1ms
5 timing config:load:file:/usr/local/lib/node_modules/npm/npmrc Completed in 1ms
6 timing config:load:builtin Completed in 1ms
7 timing config:load:cli Completed in 2ms
8 timing config:load:env Completed in 1ms
9 timing config:load:file:/home/zerok/.cache/typescript/4.8/.npmrc Completed in 0ms
10 timing config:load:project Completed in 8ms
11 timing config:load:file:/home/zerok/.npmrc Completed in 0ms
12 timing config:load:user Completed in 0ms
13 timing config:load:file:/usr/local/etc/npmrc Completed in 1ms
14 timing config:load:global Completed in 1ms
15 timing config:load:validate Completed in 0ms
16 timing config:load:credentials Completed in 1ms
17 timing config:load:setEnvs Completed in 1ms
18 timing config:load Completed in 16ms
19 timing npm:load:configload Completed in 16ms
20 timing npm:load:mkdirpcache Completed in 1ms
21 timing npm:load:mkdirplogs Completed in 1ms
22 verbose title npm install types-registry@latest
23 verbose argv "install" "--ignore-scripts" "types-registry@latest"
24 timing npm:load:setTitle Completed in 1ms
25 timing config:load:flatten Completed in 2ms
26 timing npm:load:display Completed in 2ms
27 verbose logfile logs-max:10 dir:/home/zerok/.npm/_logs
28 verbose logfile /home/zerok/.npm/_logs/2022-09-12T15_25_49_199Z-debug-0.log
29 timing npm:load:logFile Completed in 6ms
30 timing npm:load:timers Completed in 0ms
31 timing npm:load:configScope Completed in 0ms
32 timing npm:load Completed in 28ms
33 timing arborist:ctor Completed in 1ms
34 silly logfile done cleaning log files
35 timing idealTree:init Completed in 50ms
36 timing arborist:ctor Completed in 0ms
37 http fetch GET 200 https://registry.npmjs.org/types-registry 347ms (cache revalidated)
38 timing idealTree:userRequests Completed in 352ms
39 silly idealTree buildDeps
40 silly fetch manifest types-registry@0.1.609
41 silly placeDep ROOT types-registry@0.1.609 REPLACE for:  want: 0.1.609
42 timing idealTree:#root Completed in 4ms
43 timing idealTree:node_modules/types-registry Completed in 0ms
44 timing idealTree:buildDeps Completed in 4ms
45 timing idealTree:fixDepFlags Completed in 1ms
46 timing idealTree Completed in 408ms
47 timing reify:loadTrees Completed in 409ms
48 timing reify:diffTrees Completed in 3ms
49 silly reify moves {}
50 timing reify:retireShallow Completed in 1ms
51 timing reify:createSparse Completed in 0ms
52 timing reify:loadBundles Completed in 0ms
53 silly audit bulk request {
53 silly audit   '@babel/code-frame': [ '7.18.6' ],
53 silly audit   '@babel/helper-validator-identifier': [ '7.18.6' ],
53 silly audit   '@babel/highlight': [ '7.18.6' ],
53 silly audit   'ansi-styles': [ '3.2.1', '4.3.0', '5.2.0' ],
53 silly audit   chalk: [ '2.4.2', '4.1.2' ],
53 silly audit   'color-convert': [ '1.9.3', '2.0.1' ],
53 silly audit   'color-name': [ '1.1.3', '1.1.4' ],
53 silly audit   'escape-string-regexp': [ '1.0.5', '2.0.0' ],
53 silly audit   'has-flag': [ '3.0.0', '4.0.0' ],
53 silly audit   'supports-color': [ '5.5.0', '7.2.0' ],
53 silly audit   '@jest/expect-utils': [ '29.0.3' ],
53 silly audit   '@jest/schemas': [ '29.0.0' ],
53 silly audit   '@jest/types': [ '29.0.3' ],
53 silly audit   '@sinclair/typebox': [ '0.24.40' ],
53 silly audit   '@types/istanbul-lib-coverage': [ '2.0.4' ],
53 silly audit   '@types/istanbul-lib-report': [ '3.0.0' ],
53 silly audit   '@types/istanbul-reports': [ '3.0.1' ],
53 silly audit   '@types/jest': [ '29.0.1' ],
53 silly audit   '@types/node': [ '18.7.16' ],
53 silly audit   '@types/prop-types': [ '15.7.5' ],
53 silly audit   '@types/react': [ '18.0.19' ],
53 silly audit   '@types/react-dom': [ '18.0.6' ],
53 silly audit   '@types/scheduler': [ '0.16.2' ],
53 silly audit   '@types/stack-utils': [ '2.0.1' ],
53 silly audit   '@types/testing-library__jest-dom': [ '5.14.5' ],
53 silly audit   '@types/yargs': [ '17.0.12' ],
53 silly audit   '@types/yargs-parser': [ '21.0.0' ],
53 silly audit   braces: [ '3.0.2' ],
53 silly audit   'ci-info': [ '3.4.0' ],
53 silly audit   csstype: [ '3.1.0' ],
53 silly audit   'diff-sequences': [ '29.0.0' ],
53 silly audit   expect: [ '29.0.3' ],
53 silly audit   'fill-range': [ '7.0.1' ],
53 silly audit   'graceful-fs': [ '4.2.10' ],
53 silly audit   'is-number': [ '7.0.0' ],
53 silly audit   'jest-diff': [ '29.0.3' ],
53 silly audit   'jest-get-type': [ '29.0.0' ],
53 silly audit   'jest-matcher-utils': [ '29.0.3' ],
53 silly audit   'jest-message-util': [ '29.0.3' ],
53 silly audit   'jest-util': [ '29.0.3' ],
53 silly audit   'js-tokens': [ '4.0.0' ],
53 silly audit   micromatch: [ '4.0.5' ],
53 silly audit   picomatch: [ '2.3.1' ],
53 silly audit   'pretty-format': [ '29.0.3' ],
53 silly audit   'react-is': [ '18.2.0' ],
53 silly audit   slash: [ '3.0.0' ],
53 silly audit   'stack-utils': [ '2.0.5' ],
53 silly audit   'to-regex-range': [ '5.0.1' ],
53 silly audit   'types-registry': [ '0.1.609' ]
53 silly audit }
54 timing reify:unpack Completed in 0ms
55 timing reify:unretire Completed in 0ms
56 timing build:queue Completed in 0ms
57 timing build:deps Completed in 0ms
58 timing build Completed in 0ms
59 timing reify:build Completed in 0ms
60 timing reify:trash Completed in 0ms
61 timing reify:save Completed in 14ms
62 http fetch POST 200 https://registry.npmjs.org/-/npm/v1/security/advisories/bulk 248ms
63 timing auditReport:getReport Completed in 250ms
64 silly audit report {}
65 timing auditReport:init Completed in 0ms
66 timing reify:audit Completed in 251ms
67 timing reify Completed in 669ms
68 timing command:install Completed in 676ms
69 verbose exit 0
70 timing npm Completed in 816ms
71 info ok
