[2022-10-24 15:24:26.966] [exthost] [info] Extension host with pid 469 started
[2022-10-24 15:24:26.989] [exthost] [info] Lock '/home/zerok/.vscode-server/data/User/workspaceStorage/b8cf40f2808990a924cbd8c5b1888ad6/vscode.lock': Lock acquired.
[2022-10-24 15:24:27.026] [exthost] [info] ExtensionService#_doActivateExtension vscode.debug-auto-launch, startup: true, activationEvent: '*'
[2022-10-24 15:24:27.028] [exthost] [info] ExtensionService#_doActivateExtension vscode.git-base, startup: true, activationEvent: '*', root cause: vscode.git
[2022-10-24 15:24:27.028] [exthost] [info] ExtensionService#_doActivateExtension vscode.ipynb, startup: true, activationEvent: '*'
[2022-10-24 15:24:27.028] [exthost] [info] ExtensionService#_doActivateExtension christian-kohler.path-intellisense, startup: true, activationEvent: '*'
[2022-10-24 15:24:27.029] [exthost] [info] ExtensionService#_doActivateExtension naumovs.color-highlight, startup: true, activationEvent: '*'
[2022-10-24 15:24:27.134] [exthost] [info] ExtensionService#_doActivateExtension vscode.git, startup: true, activationEvent: '*'
[2022-10-24 15:24:27.135] [exthost] [info] ExtensionService#_doActivateExtension vscode.github, startup: true, activationEvent: '*'
[2022-10-24 15:24:27.375] [exthost] [info] ExtensionService#_doActivateExtension vscode.emmet, startup: false, activationEvent: 'onStartupFinished'
[2022-10-24 15:24:27.376] [exthost] [info] ExtensionService#_doActivateExtension vscode.merge-conflict, startup: false, activationEvent: 'onStartupFinished'
[2022-10-24 15:24:27.376] [exthost] [info] ExtensionService#_doActivateExtension vscode.npm, startup: false, activationEvent: 'onStartupFinished', root cause: esbenp.prettier-vscode
[2022-10-24 15:24:27.376] [exthost] [info] Eager extensions activated
[2022-10-24 15:24:27.698] [exthost] [warning] [Decorations] CAPPING events from decorations provider vscode.git 8161
[2022-10-24 15:24:28.357] [exthost] [info] ExtensionService#_doActivateExtension esbenp.prettier-vscode, startup: false, activationEvent: 'onStartupFinished'
[2022-10-24 15:24:28.575] [exthost] [warning] [Decorations] CAPPING events from decorations provider vscode.git 8162
[2022-10-24 15:24:30.533] [exthost] [warning] [Decorations] CAPPING events from decorations provider vscode.git 8163
[2022-10-24 15:24:32.071] [exthost] [info] ExtensionService#_doActivateExtension vscode.html-language-features, startup: false, activationEvent: 'onLanguage:html'
[2022-10-24 15:24:35.691] [exthost] [warning] [Decorations] CAPPING events from decorations provider vscode.git 8164
[2022-10-24 15:25:13.827] [exthost] [warning] [Decorations] CAPPING events from decorations provider vscode.git 8167
[2022-10-24 15:25:18.969] [exthost] [warning] [Decorations] CAPPING events from decorations provider vscode.git 8162
[2022-10-24 15:25:20.832] [exthost] [info] ExtensionService#_doActivateExtension vscode.typescript-language-features, startup: false, activationEvent: 'onLanguage:javascript'
[2022-10-24 15:25:24.113] [exthost] [warning] [Decorations] CAPPING events from decorations provider vscode.git 8167
[2022-10-24 15:25:36.009] [exthost] [warning] [Decorations] CAPPING events from decorations provider vscode.git 8166
[2022-10-24 15:25:41.164] [exthost] [warning] [Decorations] CAPPING events from decorations provider vscode.git 8168
[2022-10-24 15:25:46.306] [exthost] [warning] [Decorations] CAPPING events from decorations provider vscode.git 8170
[2022-10-24 15:26:30.820] [exthost] [warning] [Decorations] CAPPING events from decorations provider vscode.git 8170
[2022-10-24 15:26:35.972] [exthost] [warning] [Decorations] CAPPING events from decorations provider vscode.git 8170
[2022-10-24 15:26:41.109] [exthost] [warning] [Decorations] CAPPING events from decorations provider vscode.git 8170
[2022-10-24 15:27:12.752] [exthost] [warning] [Decorations] CAPPING events from decorations provider vscode.git 8170
[2022-10-24 15:27:24.774] [exthost] [warning] [Decorations] CAPPING events from decorations provider vscode.git 8170
[2022-10-24 15:27:54.292] [exthost] [warning] [Decorations] CAPPING events from decorations provider vscode.git 8170
[2022-10-24 15:28:24.107] [exthost] [warning] [Decorations] CAPPING events from decorations provider vscode.git 8170
[2022-10-24 15:28:29.249] [exthost] [warning] [Decorations] CAPPING events from decorations provider vscode.git 8170
[2022-10-24 15:32:57.452] [exthost] [warning] [Decorations] CAPPING events from decorations provider vscode.git 8170
[2022-10-24 15:33:02.588] [exthost] [warning] [Decorations] CAPPING events from decorations provider vscode.git 8170
[2022-10-24 15:33:07.734] [exthost] [warning] [Decorations] CAPPING events from decorations provider vscode.git 8170
[2022-10-24 15:33:12.869] [exthost] [warning] [Decorations] CAPPING events from decorations provider vscode.git 8170
[2022-10-24 15:33:31.120] [exthost] [warning] [Decorations] CAPPING events from decorations provider vscode.git 8170
[2022-10-24 15:33:36.250] [exthost] [warning] [Decorations] CAPPING events from decorations provider vscode.git 8170
[2022-10-24 15:33:41.390] [exthost] [warning] [Decorations] CAPPING events from decorations provider vscode.git 8170
[2022-10-24 15:33:46.540] [exthost] [warning] [Decorations] CAPPING events from decorations provider vscode.git 8170
[2022-10-24 15:37:28.857] [exthost] [warning] [Decorations] CAPPING events from decorations provider vscode.git 8170
[2022-10-24 15:37:34.001] [exthost] [warning] [Decorations] CAPPING events from decorations provider vscode.git 8170
[2022-10-24 15:37:42.642] [exthost] [warning] [Decorations] CAPPING events from decorations provider vscode.git 8171
[2022-10-24 15:37:47.774] [exthost] [warning] [Decorations] CAPPING events from decorations provider vscode.git 8171
[2022-10-24 15:37:52.940] [exthost] [warning] [Decorations] CAPPING events from decorations provider vscode.git 8172
[2022-10-24 15:37:58.081] [exthost] [warning] [Decorations] CAPPING events from decorations provider vscode.git 8171
[2022-10-24 15:40:47.749] [exthost] [warning] [Decorations] CAPPING events from decorations provider vscode.git 8171
[2022-10-24 15:40:52.902] [exthost] [warning] [Decorations] CAPPING events from decorations provider vscode.git 8171
[2022-10-24 15:41:44.029] [exthost] [warning] [Decorations] CAPPING events from decorations provider vscode.git 8171
[2022-10-24 15:41:49.980] [exthost] [warning] [Decorations] CAPPING events from decorations provider vscode.git 8171
[2022-10-24 15:41:55.133] [exthost] [warning] [Decorations] CAPPING events from decorations provider vscode.git 8171
[2022-10-24 15:42:00.279] [exthost] [warning] [Decorations] CAPPING events from decorations provider vscode.git 8171
[2022-10-24 15:42:05.415] [exthost] [warning] [Decorations] CAPPING events from decorations provider vscode.git 8171
[2022-10-24 15:42:10.565] [exthost] [warning] [Decorations] CAPPING events from decorations provider vscode.git 8171
[2022-10-24 15:42:15.767] [exthost] [warning] [Decorations] CAPPING events from decorations provider vscode.git 8171
[2022-10-24 15:42:20.961] [exthost] [warning] [Decorations] CAPPING events from decorations provider vscode.git 8171
[2022-10-24 15:42:26.112] [exthost] [warning] [Decorations] CAPPING events from decorations provider vscode.git 8171
[2022-10-24 15:42:52.771] [exthost] [warning] [Decorations] CAPPING events from decorations provider vscode.git 8171
[2022-10-24 15:42:57.918] [exthost] [warning] [Decorations] CAPPING events from decorations provider vscode.git 8171
[2022-10-24 15:43:03.051] [exthost] [warning] [Decorations] CAPPING events from decorations provider vscode.git 8171
[2022-10-24 15:43:08.199] [exthost] [warning] [Decorations] CAPPING events from decorations provider vscode.git 8171
[2022-10-24 15:43:13.349] [exthost] [warning] [Decorations] CAPPING events from decorations provider vscode.git 8171
[2022-10-24 15:43:18.502] [exthost] [warning] [Decorations] CAPPING events from decorations provider vscode.git 8171
[2022-10-24 15:43:23.688] [exthost] [warning] [Decorations] CAPPING events from decorations provider vscode.git 8171
[2022-10-24 15:43:28.828] [exthost] [warning] [Decorations] CAPPING events from decorations provider vscode.git 8171
[2022-10-24 15:43:36.542] [exthost] [warning] [Decorations] CAPPING events from decorations provider vscode.git 8173
[2022-10-24 15:43:41.684] [exthost] [warning] [Decorations] CAPPING events from decorations provider vscode.git 8173
[2022-10-24 15:43:57.852] [exthost] [warning] [Decorations] CAPPING events from decorations provider vscode.git 8173
[2022-10-24 15:44:02.995] [exthost] [warning] [Decorations] CAPPING events from decorations provider vscode.git 8173
[2022-10-24 15:44:08.137] [exthost] [warning] [Decorations] CAPPING events from decorations provider vscode.git 8173
[2022-10-24 15:44:13.289] [exthost] [warning] [Decorations] CAPPING events from decorations provider vscode.git 8173
[2022-10-24 15:44:18.455] [exthost] [warning] [Decorations] CAPPING events from decorations provider vscode.git 8173
[2022-10-24 15:44:23.604] [exthost] [warning] [Decorations] CAPPING events from decorations provider vscode.git 8173
[2022-10-24 15:44:28.754] [exthost] [warning] [Decorations] CAPPING events from decorations provider vscode.git 8173
[2022-10-24 15:44:35.518] [exthost] [warning] [Decorations] CAPPING events from decorations provider vscode.git 8173
[2022-10-24 15:44:40.650] [exthost] [warning] [Decorations] CAPPING events from decorations provider vscode.git 8173
[2022-10-24 15:44:45.787] [exthost] [warning] [Decorations] CAPPING events from decorations provider vscode.git 8173
[2022-10-24 15:44:53.181] [exthost] [warning] [Decorations] CAPPING events from decorations provider vscode.git 8173
[2022-10-24 15:44:58.327] [exthost] [warning] [Decorations] CAPPING events from decorations provider vscode.git 8173
[2022-10-24 15:45:16.639] [exthost] [warning] [Decorations] CAPPING events from decorations provider vscode.git 8173
[2022-10-24 15:45:21.780] [exthost] [warning] [Decorations] CAPPING events from decorations provider vscode.git 8173
[2022-10-24 15:45:46.046] [exthost] [warning] [Decorations] CAPPING events from decorations provider vscode.git 8173
[2022-10-24 15:45:51.202] [exthost] [warning] [Decorations] CAPPING events from decorations provider vscode.git 8173
[2022-10-24 15:45:56.375] [exthost] [warning] [Decorations] CAPPING events from decorations provider vscode.git 8173
[2022-10-24 15:46:08.783] [exthost] [warning] [Decorations] CAPPING events from decorations provider vscode.git 8173
[2022-10-24 15:46:13.931] [exthost] [warning] [Decorations] CAPPING events from decorations provider vscode.git 8173
[2022-10-24 15:46:19.076] [exthost] [warning] [Decorations] CAPPING events from decorations provider vscode.git 8173
[2022-10-24 15:46:24.225] [exthost] [warning] [Decorations] CAPPING events from decorations provider vscode.git 8173
[2022-10-24 15:46:29.408] [exthost] [warning] [Decorations] CAPPING events from decorations provider vscode.git 8173
[2022-10-24 15:46:34.539] [exthost] [warning] [Decorations] CAPPING events from decorations provider vscode.git 8174
[2022-10-24 15:46:39.676] [exthost] [warning] [Decorations] CAPPING events from decorations provider vscode.git 8174
[2022-10-24 15:46:44.816] [exthost] [warning] [Decorations] CAPPING events from decorations provider vscode.git 8174
[2022-10-24 15:46:49.988] [exthost] [warning] [Decorations] CAPPING events from decorations provider vscode.git 8174
[2022-10-24 15:46:55.195] [exthost] [warning] [Decorations] CAPPING events from decorations provider vscode.git 8174
[2022-10-24 15:47:00.449] [exthost] [warning] [Decorations] CAPPING events from decorations provider vscode.git 8174
[2022-10-24 15:47:05.593] [exthost] [warning] [Decorations] CAPPING events from decorations provider vscode.git 8174
[2022-10-24 15:47:10.732] [exthost] [warning] [Decorations] CAPPING events from decorations provider vscode.git 8174
[2022-10-24 15:47:15.874] [exthost] [warning] [Decorations] CAPPING events from decorations provider vscode.git 8174
[2022-10-24 15:47:21.013] [exthost] [warning] [Decorations] CAPPING events from decorations provider vscode.git 8175
[2022-10-24 15:47:26.164] [exthost] [warning] [Decorations] CAPPING events from decorations provider vscode.git 8175
[2022-10-24 15:47:31.304] [exthost] [warning] [Decorations] CAPPING events from decorations provider vscode.git 8175
[2022-10-24 15:47:36.447] [exthost] [warning] [Decorations] CAPPING events from decorations provider vscode.git 8175
[2022-10-24 15:47:41.608] [exthost] [warning] [Decorations] CAPPING events from decorations provider vscode.git 8175
[2022-10-24 15:47:46.758] [exthost] [warning] [Decorations] CAPPING events from decorations provider vscode.git 8175
[2022-10-24 15:48:05.590] [exthost] [warning] [Decorations] CAPPING events from decorations provider vscode.git 8175
[2022-10-24 15:48:10.749] [exthost] [warning] [Decorations] CAPPING events from decorations provider vscode.git 8175
[2022-10-24 15:48:36.659] [exthost] [warning] [Decorations] CAPPING events from decorations provider vscode.git 8175
[2022-10-24 15:48:47.827] [exthost] [warning] [Decorations] CAPPING events from decorations provider vscode.git 8175
[2022-10-24 15:48:52.975] [exthost] [warning] [Decorations] CAPPING events from decorations provider vscode.git 8175
[2022-10-24 15:48:58.135] [exthost] [warning] [Decorations] CAPPING events from decorations provider vscode.git 8175
[2022-10-24 15:49:03.361] [exthost] [warning] [Decorations] CAPPING events from decorations provider vscode.git 8175
